<?xml version="1.0" encoding="UTF-8"?>
<testng-results skipped="0" failed="0" ignored="0" total="1" passed="1">
  <reporter-output>
  </reporter-output>
  <suite name="Default suite" duration-ms="3537" started-at="2023-01-28T06:22:48Z" finished-at="2023-01-28T06:22:51Z">
    <groups>
    </groups>
    <test name="Default test" duration-ms="3537" started-at="2023-01-28T06:22:48Z" finished-at="2023-01-28T06:22:51Z">
      <class name="org.api.test.RestAssuredd">
        <test-method status="PASS" signature="demo()[pri:0, instance:org.api.test.RestAssuredd@28701274]" name="demo" duration-ms="3505" started-at="2023-01-28T06:22:48Z" finished-at="2023-01-28T06:22:51Z">
          <reporter-output>
          </reporter-output>
        </test-method> <!-- demo -->
      </class> <!-- org.api.test.RestAssuredd -->
    </test> <!-- Default test -->
  </suite> <!-- Default suite -->
</testng-results>
