<?xml version="1.0" encoding="UTF-8"?>
<testng-results skipped="0" failed="0" ignored="0" total="1" passed="1">
  <reporter-output>
  </reporter-output>
  <suite name="Suite" duration-ms="5221" started-at="2023-01-24T06:28:54Z" finished-at="2023-01-24T06:28:59Z">
    <groups>
    </groups>
    <test name="Test" duration-ms="5221" started-at="2023-01-24T06:28:54Z" finished-at="2023-01-24T06:28:59Z">
      <class name="org.run.DemoTestNG">
        <test-method status="PASS" signature="preLaunch()[pri:0, instance:org.run.DemoTestNG@7ec7ffd3]" name="preLaunch" is-config="true" duration-ms="3961" started-at="2023-01-24T06:28:54Z" finished-at="2023-01-24T06:28:58Z">
          <reporter-output>
          </reporter-output>
        </test-method> <!-- preLaunch -->
        <test-method status="PASS" signature="demo()[pri:0, instance:org.run.DemoTestNG@7ec7ffd3]" name="demo" duration-ms="1239" started-at="2023-01-24T06:28:58Z" finished-at="2023-01-24T06:28:59Z">
          <reporter-output>
          </reporter-output>
        </test-method> <!-- demo -->
      </class> <!-- org.run.DemoTestNG -->
    </test> <!-- Test -->
  </suite> <!-- Suite -->
</testng-results>
