<?xml version="1.0" encoding="UTF-8"?>
<testng-results skipped="0" failed="0" ignored="0" total="1" passed="1">
  <reporter-output>
  </reporter-output>
  <suite name="Default suite" duration-ms="7138" started-at="2023-03-27T06:30:37Z" finished-at="2023-03-27T06:30:44Z">
    <groups>
    </groups>
    <test name="Default test" duration-ms="7138" started-at="2023-03-27T06:30:37Z" finished-at="2023-03-27T06:30:44Z">
      <class name="org.run.Execution">
        <test-method status="PASS" signature="launch()[pri:0, instance:org.run.Execution@441772e]" name="launch" duration-ms="7104" started-at="2023-03-27T06:30:37Z" finished-at="2023-03-27T06:30:44Z">
          <reporter-output>
          </reporter-output>
        </test-method> <!-- launch -->
      </class> <!-- org.run.Execution -->
    </test> <!-- Default test -->
  </suite> <!-- Default suite -->
</testng-results>
