<?xml version="1.0" encoding="UTF-8"?>
<testng-results skipped="0" failed="0" ignored="0" total="18" passed="18">
  <reporter-output>
  </reporter-output>
  <suite name="Default suite" duration-ms="256052" started-at="2022-10-29T06:29:35Z" finished-at="2022-10-29T06:33:51Z">
    <groups>
    </groups>
    <test name="Default test" duration-ms="256052" started-at="2022-10-29T06:29:35Z" finished-at="2022-10-29T06:33:51Z">
      <class name="org.run.Articles_GetText">
        <test-method status="PASS" signature="verifyLink(java.lang.String, java.lang.String)[pri:0, instance:org.run.Articles_GetText@2f9f7dcf]" name="verifyLink" duration-ms="16341" started-at="2022-10-29T06:29:36Z" data-provider="getTestData" finished-at="2022-10-29T06:29:52Z">
          <params>
            <param index="0">
              <value>
                <![CDATA[1]]>
              </value>
            </param>
            <param index="1">
              <value>
                <![CDATA[https://uat.shriram.com/fixed-deposit-faqs]]>
              </value>
            </param>
          </params>
          <reporter-output>
          </reporter-output>
        </test-method> <!-- verifyLink -->
        <test-method status="PASS" signature="verifyLink(java.lang.String, java.lang.String)[pri:0, instance:org.run.Articles_GetText@2f9f7dcf]" name="verifyLink" duration-ms="13089" started-at="2022-10-29T06:29:53Z" data-provider="getTestData" finished-at="2022-10-29T06:30:06Z">
          <params>
            <param index="0">
              <value>
                <![CDATA[2]]>
              </value>
            </param>
            <param index="1">
              <value>
                <![CDATA[https://uat.shriram.com/recurring-deposit-faqs]]>
              </value>
            </param>
          </params>
          <reporter-output>
          </reporter-output>
        </test-method> <!-- verifyLink -->
        <test-method status="PASS" signature="verifyLink(java.lang.String, java.lang.String)[pri:0, instance:org.run.Articles_GetText@2f9f7dcf]" name="verifyLink" duration-ms="12443" started-at="2022-10-29T06:30:06Z" data-provider="getTestData" finished-at="2022-10-29T06:30:18Z">
          <params>
            <param index="0">
              <value>
                <![CDATA[3]]>
              </value>
            </param>
            <param index="1">
              <value>
                <![CDATA[https://uat.shriram.com/two-wheeler-loan-faqs]]>
              </value>
            </param>
          </params>
          <reporter-output>
          </reporter-output>
        </test-method> <!-- verifyLink -->
        <test-method status="PASS" signature="verifyLink(java.lang.String, java.lang.String)[pri:0, instance:org.run.Articles_GetText@2f9f7dcf]" name="verifyLink" duration-ms="12550" started-at="2022-10-29T06:30:18Z" data-provider="getTestData" finished-at="2022-10-29T06:30:31Z">
          <params>
            <param index="0">
              <value>
                <![CDATA[4]]>
              </value>
            </param>
            <param index="1">
              <value>
                <![CDATA[https://uat.shriram.com/gold-loan-faqs]]>
              </value>
            </param>
          </params>
          <reporter-output>
          </reporter-output>
        </test-method> <!-- verifyLink -->
        <test-method status="PASS" signature="verifyLink(java.lang.String, java.lang.String)[pri:0, instance:org.run.Articles_GetText@2f9f7dcf]" name="verifyLink" duration-ms="12154" started-at="2022-10-29T06:30:31Z" data-provider="getTestData" finished-at="2022-10-29T06:30:43Z">
          <params>
            <param index="0">
              <value>
                <![CDATA[5]]>
              </value>
            </param>
            <param index="1">
              <value>
                <![CDATA[https://uat.shriram.com/commercial-goods-vehicle-finance-faqs]]>
              </value>
            </param>
          </params>
          <reporter-output>
          </reporter-output>
        </test-method> <!-- verifyLink -->
        <test-method status="PASS" signature="verifyLink(java.lang.String, java.lang.String)[pri:0, instance:org.run.Articles_GetText@2f9f7dcf]" name="verifyLink" duration-ms="12210" started-at="2022-10-29T06:30:43Z" data-provider="getTestData" finished-at="2022-10-29T06:30:55Z">
          <params>
            <param index="0">
              <value>
                <![CDATA[6]]>
              </value>
            </param>
            <param index="1">
              <value>
                <![CDATA[https://uat.shriram.com/passenger-commercial-vehicle-finance-faqs]]>
              </value>
            </param>
          </params>
          <reporter-output>
          </reporter-output>
        </test-method> <!-- verifyLink -->
        <test-method status="PASS" signature="verifyLink(java.lang.String, java.lang.String)[pri:0, instance:org.run.Articles_GetText@2f9f7dcf]" name="verifyLink" duration-ms="12396" started-at="2022-10-29T06:30:55Z" data-provider="getTestData" finished-at="2022-10-29T06:31:07Z">
          <params>
            <param index="0">
              <value>
                <![CDATA[7]]>
              </value>
            </param>
            <param index="1">
              <value>
                <![CDATA[https://uat.shriram.com/tractor-farm-equipment-finance-faqs]]>
              </value>
            </param>
          </params>
          <reporter-output>
          </reporter-output>
        </test-method> <!-- verifyLink -->
        <test-method status="PASS" signature="verifyLink(java.lang.String, java.lang.String)[pri:0, instance:org.run.Articles_GetText@2f9f7dcf]" name="verifyLink" duration-ms="12697" started-at="2022-10-29T06:31:07Z" data-provider="getTestData" finished-at="2022-10-29T06:31:20Z">
          <params>
            <param index="0">
              <value>
                <![CDATA[8]]>
              </value>
            </param>
            <param index="1">
              <value>
                <![CDATA[https://uat.shriram.com/construction-equipment-finance-faqs]]>
              </value>
            </param>
          </params>
          <reporter-output>
          </reporter-output>
        </test-method> <!-- verifyLink -->
        <test-method status="PASS" signature="verifyLink(java.lang.String, java.lang.String)[pri:0, instance:org.run.Articles_GetText@2f9f7dcf]" name="verifyLink" duration-ms="12782" started-at="2022-10-29T06:31:20Z" data-provider="getTestData" finished-at="2022-10-29T06:31:33Z">
          <params>
            <param index="0">
              <value>
                <![CDATA[9]]>
              </value>
            </param>
            <param index="1">
              <value>
                <![CDATA[https://uat.shriram.com/working-capital-loan-faqs]]>
              </value>
            </param>
          </params>
          <reporter-output>
          </reporter-output>
        </test-method> <!-- verifyLink -->
        <test-method status="PASS" signature="verifyLink(java.lang.String, java.lang.String)[pri:0, instance:org.run.Articles_GetText@2f9f7dcf]" name="verifyLink" duration-ms="14078" started-at="2022-10-29T06:31:33Z" data-provider="getTestData" finished-at="2022-10-29T06:31:47Z">
          <params>
            <param index="0">
              <value>
                <![CDATA[10]]>
              </value>
            </param>
            <param index="1">
              <value>
                <![CDATA[https://uat.shriram.com/tyre-finance-faqs]]>
              </value>
            </param>
          </params>
          <reporter-output>
          </reporter-output>
        </test-method> <!-- verifyLink -->
        <test-method status="PASS" signature="verifyLink(java.lang.String, java.lang.String)[pri:0, instance:org.run.Articles_GetText@2f9f7dcf]" name="verifyLink" duration-ms="14234" started-at="2022-10-29T06:31:47Z" data-provider="getTestData" finished-at="2022-10-29T06:32:01Z">
          <params>
            <param index="0">
              <value>
                <![CDATA[11]]>
              </value>
            </param>
            <param index="1">
              <value>
                <![CDATA[https://uat.shriram.com/tax-finance-faqs]]>
              </value>
            </param>
          </params>
          <reporter-output>
          </reporter-output>
        </test-method> <!-- verifyLink -->
        <test-method status="PASS" signature="verifyLink(java.lang.String, java.lang.String)[pri:0, instance:org.run.Articles_GetText@2f9f7dcf]" name="verifyLink" duration-ms="14068" started-at="2022-10-29T06:32:01Z" data-provider="getTestData" finished-at="2022-10-29T06:32:15Z">
          <params>
            <param index="0">
              <value>
                <![CDATA[12]]>
              </value>
            </param>
            <param index="1">
              <value>
                <![CDATA[https://uat.shriram.com/toll-finance-faqs]]>
              </value>
            </param>
          </params>
          <reporter-output>
          </reporter-output>
        </test-method> <!-- verifyLink -->
        <test-method status="PASS" signature="verifyLink(java.lang.String, java.lang.String)[pri:0, instance:org.run.Articles_GetText@2f9f7dcf]" name="verifyLink" duration-ms="13452" started-at="2022-10-29T06:32:15Z" data-provider="getTestData" finished-at="2022-10-29T06:32:29Z">
          <params>
            <param index="0">
              <value>
                <![CDATA[13]]>
              </value>
            </param>
            <param index="1">
              <value>
                <![CDATA[https://uat.shriram.com/repair-top-up-loan-faqs]]>
              </value>
            </param>
          </params>
          <reporter-output>
          </reporter-output>
        </test-method> <!-- verifyLink -->
        <test-method status="PASS" signature="verifyLink(java.lang.String, java.lang.String)[pri:0, instance:org.run.Articles_GetText@2f9f7dcf]" name="verifyLink" duration-ms="14470" started-at="2022-10-29T06:32:29Z" data-provider="getTestData" finished-at="2022-10-29T06:32:43Z">
          <params>
            <param index="0">
              <value>
                <![CDATA[14]]>
              </value>
            </param>
            <param index="1">
              <value>
                <![CDATA[https://uat.shriram.com/fuel-finance-faqs]]>
              </value>
            </param>
          </params>
          <reporter-output>
          </reporter-output>
        </test-method> <!-- verifyLink -->
        <test-method status="PASS" signature="verifyLink(java.lang.String, java.lang.String)[pri:0, instance:org.run.Articles_GetText@2f9f7dcf]" name="verifyLink" duration-ms="17485" started-at="2022-10-29T06:32:43Z" data-provider="getTestData" finished-at="2022-10-29T06:33:01Z">
          <params>
            <param index="0">
              <value>
                <![CDATA[15]]>
              </value>
            </param>
            <param index="1">
              <value>
                <![CDATA[https://uat.shriram.com/challan-discounting-faqs]]>
              </value>
            </param>
          </params>
          <reporter-output>
          </reporter-output>
        </test-method> <!-- verifyLink -->
        <test-method status="PASS" signature="verifyLink(java.lang.String, java.lang.String)[pri:0, instance:org.run.Articles_GetText@2f9f7dcf]" name="verifyLink" duration-ms="19158" started-at="2022-10-29T06:33:01Z" data-provider="getTestData" finished-at="2022-10-29T06:33:20Z">
          <params>
            <param index="0">
              <value>
                <![CDATA[16]]>
              </value>
            </param>
            <param index="1">
              <value>
                <![CDATA[https://uat.shriram.com/business-loan-faqs]]>
              </value>
            </param>
          </params>
          <reporter-output>
          </reporter-output>
        </test-method> <!-- verifyLink -->
        <test-method status="PASS" signature="verifyLink(java.lang.String, java.lang.String)[pri:0, instance:org.run.Articles_GetText@2f9f7dcf]" name="verifyLink" duration-ms="16503" started-at="2022-10-29T06:33:20Z" data-provider="getTestData" finished-at="2022-10-29T06:33:37Z">
          <params>
            <param index="0">
              <value>
                <![CDATA[17]]>
              </value>
            </param>
            <param index="1">
              <value>
                <![CDATA[https://uat.shriram.com/eclgs-faqs]]>
              </value>
            </param>
          </params>
          <reporter-output>
          </reporter-output>
        </test-method> <!-- verifyLink -->
        <test-method status="PASS" signature="verifyLink(java.lang.String, java.lang.String)[pri:0, instance:org.run.Articles_GetText@2f9f7dcf]" name="verifyLink" duration-ms="14620" started-at="2022-10-29T06:33:37Z" data-provider="getTestData" finished-at="2022-10-29T06:33:51Z">
          <params>
            <param index="0">
              <value>
                <![CDATA[18]]>
              </value>
            </param>
            <param index="1">
              <value>
                <![CDATA[https://uat.shriram.com/faqs]]>
              </value>
            </param>
          </params>
          <reporter-output>
          </reporter-output>
        </test-method> <!-- verifyLink -->
      </class> <!-- org.run.Articles_GetText -->
    </test> <!-- Default test -->
  </suite> <!-- Default suite -->
</testng-results>
