<?xml version="1.0" encoding="UTF-8"?>
<!-- Generated by org.testng.reporters.JUnitXMLReporter -->
<testsuite hostname="DIGITAL-0099" ignored="0" name="Default test" tests="18" failures="0" timestamp="29 Oct 2022 06:33:51 GMT" time="256.052" errors="0">
  <testcase name="verifyLink" time="16.341" classname="org.run.Articles_GetText"/>
  <testcase name="verifyLink" time="13.089" classname="org.run.Articles_GetText"/>
  <testcase name="verifyLink" time="12.443" classname="org.run.Articles_GetText"/>
  <testcase name="verifyLink" time="12.55" classname="org.run.Articles_GetText"/>
  <testcase name="verifyLink" time="12.154" classname="org.run.Articles_GetText"/>
  <testcase name="verifyLink" time="12.21" classname="org.run.Articles_GetText"/>
  <testcase name="verifyLink" time="12.396" classname="org.run.Articles_GetText"/>
  <testcase name="verifyLink" time="12.697" classname="org.run.Articles_GetText"/>
  <testcase name="verifyLink" time="12.782" classname="org.run.Articles_GetText"/>
  <testcase name="verifyLink" time="14.078" classname="org.run.Articles_GetText"/>
  <testcase name="verifyLink" time="14.234" classname="org.run.Articles_GetText"/>
  <testcase name="verifyLink" time="14.068" classname="org.run.Articles_GetText"/>
  <testcase name="verifyLink" time="13.452" classname="org.run.Articles_GetText"/>
  <testcase name="verifyLink" time="14.47" classname="org.run.Articles_GetText"/>
  <testcase name="verifyLink" time="17.485" classname="org.run.Articles_GetText"/>
  <testcase name="verifyLink" time="19.158" classname="org.run.Articles_GetText"/>
  <testcase name="verifyLink" time="16.503" classname="org.run.Articles_GetText"/>
  <testcase name="verifyLink" time="14.62" classname="org.run.Articles_GetText"/>
</testsuite> <!-- Default test -->
