<?xml version="1.0" encoding="UTF-8"?>
<!-- Generated by org.testng.reporters.JUnitReportReporter -->
<testsuite skipped="0" hostname="DIGITAL-0099" name="org.run.Article_Hyperlink_Verification" tests="1624" failures="0" timestamp="08 Nov 2022 11:42:06 GMT" time="9439.450" errors="0">
  <testcase name="execute" time="3.727" classname="org.run.Article_Hyperlink_Verification"/>
  <testcase name="execute" time="2.299" classname="org.run.Article_Hyperlink_Verification"/>
  <testcase name="execute" time="62.298" classname="org.run.Article_Hyperlink_Verification"/>
  <testcase name="execute" time="3.337" classname="org.run.Article_Hyperlink_Verification"/>
  <testcase name="execute" time="2.855" classname="org.run.Article_Hyperlink_Verification"/>
  <testcase name="execute" time="3.738" classname="org.run.Article_Hyperlink_Verification"/>
  <testcase name="execute" time="2.235" classname="org.run.Article_Hyperlink_Verification"/>
  <testcase name="execute" time="2.331" classname="org.run.Article_Hyperlink_Verification"/>
  <testcase name="execute" time="3.688" classname="org.run.Article_Hyperlink_Verification"/>
  <testcase name="execute" time="2.223" classname="org.run.Article_Hyperlink_Verification"/>
  <testcase name="execute" time="2.255" classname="org.run.Article_Hyperlink_Verification"/>
  <testcase name="execute" time="3.056" classname="org.run.Article_Hyperlink_Verification"/>
  <testcase name="execute" time="2.242" classname="org.run.Article_Hyperlink_Verification"/>
  <testcase name="execute" time="62.275" classname="org.run.Article_Hyperlink_Verification"/>
  <testcase name="execute" time="3.657" classname="org.run.Article_Hyperlink_Verification"/>
  <testcase name="execute" time="2.771" classname="org.run.Article_Hyperlink_Verification"/>
  <testcase name="execute" time="3.315" classname="org.run.Article_Hyperlink_Verification"/>
  <testcase name="execute" time="3.957" classname="org.run.Article_Hyperlink_Verification"/>
  <testcase name="execute" time="3.323" classname="org.run.Article_Hyperlink_Verification"/>
  <testcase name="execute" time="62.300" classname="org.run.Article_Hyperlink_Verification"/>
  <testcase name="execute" time="2.722" classname="org.run.Article_Hyperlink_Verification"/>
  <testcase name="execute" time="3.916" classname="org.run.Article_Hyperlink_Verification"/>
  <testcase name="execute" time="2.230" classname="org.run.Article_Hyperlink_Verification"/>
  <testcase name="execute" time="2.229" classname="org.run.Article_Hyperlink_Verification"/>
  <testcase name="execute" time="3.680" classname="org.run.Article_Hyperlink_Verification"/>
  <testcase name="execute" time="4.204" classname="org.run.Article_Hyperlink_Verification"/>
  <testcase name="execute" time="2.201" classname="org.run.Article_Hyperlink_Verification"/>
  <testcase name="execute" time="3.114" classname="org.run.Article_Hyperlink_Verification"/>
  <testcase name="execute" time="2.217" classname="org.run.Article_Hyperlink_Verification"/>
  <testcase name="execute" time="62.306" classname="org.run.Article_Hyperlink_Verification"/>
  <testcase name="execute" time="2.228" classname="org.run.Article_Hyperlink_Verification"/>
  <testcase name="execute" time="2.219" classname="org.run.Article_Hyperlink_Verification"/>
  <testcase name="execute" time="3.231" classname="org.run.Article_Hyperlink_Verification"/>
  <testcase name="execute" time="3.744" classname="org.run.Article_Hyperlink_Verification"/>
  <testcase name="execute" time="62.266" classname="org.run.Article_Hyperlink_Verification"/>
  <testcase name="execute" time="3.748" classname="org.run.Article_Hyperlink_Verification"/>
  <testcase name="execute" time="3.395" classname="org.run.Article_Hyperlink_Verification"/>
  <testcase name="execute" time="2.235" classname="org.run.Article_Hyperlink_Verification"/>
  <testcase name="execute" time="2.974" classname="org.run.Article_Hyperlink_Verification"/>
  <testcase name="execute" time="2.219" classname="org.run.Article_Hyperlink_Verification"/>
  <testcase name="execute" time="2.234" classname="org.run.Article_Hyperlink_Verification"/>
  <testcase name="execute" time="3.238" classname="org.run.Article_Hyperlink_Verification"/>
  <testcase name="execute" time="3.623" classname="org.run.Article_Hyperlink_Verification"/>
  <testcase name="execute" time="3.052" classname="org.run.Article_Hyperlink_Verification"/>
  <testcase name="execute" time="2.938" classname="org.run.Article_Hyperlink_Verification"/>
  <testcase name="execute" time="3.494" classname="org.run.Article_Hyperlink_Verification"/>
  <testcase name="execute" time="3.110" classname="org.run.Article_Hyperlink_Verification"/>
  <testcase name="execute" time="9.446" classname="org.run.Article_Hyperlink_Verification"/>
  <testcase name="execute" time="24.714" classname="org.run.Article_Hyperlink_Verification"/>
  <testcase name="execute" time="4.578" classname="org.run.Article_Hyperlink_Verification"/>
  <testcase name="execute" time="2.256" classname="org.run.Article_Hyperlink_Verification"/>
  <testcase name="execute" time="3.120" classname="org.run.Article_Hyperlink_Verification"/>
  <testcase name="execute" time="3.675" classname="org.run.Article_Hyperlink_Verification"/>
  <testcase name="execute" time="2.870" classname="org.run.Article_Hyperlink_Verification"/>
  <testcase name="execute" time="3.828" classname="org.run.Article_Hyperlink_Verification"/>
  <testcase name="execute" time="2.249" classname="org.run.Article_Hyperlink_Verification"/>
  <testcase name="execute" time="2.765" classname="org.run.Article_Hyperlink_Verification"/>
  <testcase name="execute" time="3.713" classname="org.run.Article_Hyperlink_Verification"/>
  <testcase name="execute" time="3.242" classname="org.run.Article_Hyperlink_Verification"/>
  <testcase name="execute" time="3.534" classname="org.run.Article_Hyperlink_Verification"/>
  <testcase name="execute" time="2.289" classname="org.run.Article_Hyperlink_Verification"/>
  <testcase name="execute" time="2.250" classname="org.run.Article_Hyperlink_Verification"/>
  <testcase name="execute" time="3.758" classname="org.run.Article_Hyperlink_Verification"/>
  <testcase name="execute" time="2.327" classname="org.run.Article_Hyperlink_Verification"/>
  <testcase name="execute" time="2.195" classname="org.run.Article_Hyperlink_Verification"/>
  <testcase name="execute" time="2.265" classname="org.run.Article_Hyperlink_Verification"/>
  <testcase name="execute" time="2.811" classname="org.run.Article_Hyperlink_Verification"/>
  <testcase name="execute" time="4.537" classname="org.run.Article_Hyperlink_Verification"/>
  <testcase name="execute" time="3.156" classname="org.run.Article_Hyperlink_Verification"/>
  <testcase name="execute" time="2.984" classname="org.run.Article_Hyperlink_Verification"/>
  <testcase name="execute" time="2.868" classname="org.run.Article_Hyperlink_Verification"/>
  <testcase name="execute" time="2.247" classname="org.run.Article_Hyperlink_Verification"/>
  <testcase name="execute" time="2.802" classname="org.run.Article_Hyperlink_Verification"/>
  <testcase name="execute" time="3.140" classname="org.run.Article_Hyperlink_Verification"/>
  <testcase name="execute" time="62.267" classname="org.run.Article_Hyperlink_Verification"/>
  <testcase name="execute" time="3.139" classname="org.run.Article_Hyperlink_Verification"/>
  <testcase name="execute" time="3.626" classname="org.run.Article_Hyperlink_Verification"/>
  <testcase name="execute" time="3.408" classname="org.run.Article_Hyperlink_Verification"/>
  <testcase name="execute" time="3.078" classname="org.run.Article_Hyperlink_Verification"/>
  <testcase name="execute" time="3.174" classname="org.run.Article_Hyperlink_Verification"/>
  <testcase name="execute" time="2.207" classname="org.run.Article_Hyperlink_Verification"/>
  <testcase name="execute" time="2.234" classname="org.run.Article_Hyperlink_Verification"/>
  <testcase name="execute" time="3.561" classname="org.run.Article_Hyperlink_Verification"/>
  <testcase name="execute" time="2.264" classname="org.run.Article_Hyperlink_Verification"/>
  <testcase name="execute" time="3.390" classname="org.run.Article_Hyperlink_Verification"/>
  <testcase name="execute" time="2.810" classname="org.run.Article_Hyperlink_Verification"/>
  <testcase name="execute" time="2.882" classname="org.run.Article_Hyperlink_Verification"/>
  <testcase name="execute" time="2.297" classname="org.run.Article_Hyperlink_Verification"/>
  <testcase name="execute" time="2.773" classname="org.run.Article_Hyperlink_Verification"/>
  <testcase name="execute" time="3.618" classname="org.run.Article_Hyperlink_Verification"/>
  <testcase name="execute" time="3.578" classname="org.run.Article_Hyperlink_Verification"/>
  <testcase name="execute" time="3.541" classname="org.run.Article_Hyperlink_Verification"/>
  <testcase name="execute" time="3.552" classname="org.run.Article_Hyperlink_Verification"/>
  <testcase name="execute" time="2.250" classname="org.run.Article_Hyperlink_Verification"/>
  <testcase name="execute" time="2.220" classname="org.run.Article_Hyperlink_Verification"/>
  <testcase name="execute" time="3.766" classname="org.run.Article_Hyperlink_Verification"/>
  <testcase name="execute" time="3.916" classname="org.run.Article_Hyperlink_Verification"/>
  <testcase name="execute" time="3.454" classname="org.run.Article_Hyperlink_Verification"/>
  <testcase name="execute" time="2.811" classname="org.run.Article_Hyperlink_Verification"/>
  <testcase name="execute" time="2.237" classname="org.run.Article_Hyperlink_Verification"/>
  <testcase name="execute" time="62.360" classname="org.run.Article_Hyperlink_Verification"/>
  <testcase name="execute" time="3.000" classname="org.run.Article_Hyperlink_Verification"/>
  <testcase name="execute" time="2.294" classname="org.run.Article_Hyperlink_Verification"/>
  <testcase name="execute" time="3.062" classname="org.run.Article_Hyperlink_Verification"/>
  <testcase name="execute" time="3.072" classname="org.run.Article_Hyperlink_Verification"/>
  <testcase name="execute" time="3.348" classname="org.run.Article_Hyperlink_Verification"/>
  <testcase name="execute" time="2.234" classname="org.run.Article_Hyperlink_Verification"/>
  <testcase name="execute" time="3.140" classname="org.run.Article_Hyperlink_Verification"/>
  <testcase name="execute" time="2.204" classname="org.run.Article_Hyperlink_Verification"/>
  <testcase name="execute" time="3.440" classname="org.run.Article_Hyperlink_Verification"/>
  <testcase name="execute" time="4.314" classname="org.run.Article_Hyperlink_Verification"/>
  <testcase name="execute" time="3.148" classname="org.run.Article_Hyperlink_Verification"/>
  <testcase name="execute" time="3.216" classname="org.run.Article_Hyperlink_Verification"/>
  <testcase name="execute" time="2.224" classname="org.run.Article_Hyperlink_Verification"/>
  <testcase name="execute" time="2.250" classname="org.run.Article_Hyperlink_Verification"/>
  <testcase name="execute" time="2.272" classname="org.run.Article_Hyperlink_Verification"/>
  <testcase name="execute" time="4.616" classname="org.run.Article_Hyperlink_Verification"/>
  <testcase name="execute" time="2.218" classname="org.run.Article_Hyperlink_Verification"/>
  <testcase name="execute" time="2.906" classname="org.run.Article_Hyperlink_Verification"/>
  <testcase name="execute" time="3.674" classname="org.run.Article_Hyperlink_Verification"/>
  <testcase name="execute" time="3.765" classname="org.run.Article_Hyperlink_Verification"/>
  <testcase name="execute" time="62.653" classname="org.run.Article_Hyperlink_Verification"/>
  <testcase name="execute" time="2.203" classname="org.run.Article_Hyperlink_Verification"/>
  <testcase name="execute" time="3.037" classname="org.run.Article_Hyperlink_Verification"/>
  <testcase name="execute" time="3.655" classname="org.run.Article_Hyperlink_Verification"/>
  <testcase name="execute" time="3.215" classname="org.run.Article_Hyperlink_Verification"/>
  <testcase name="execute" time="2.234" classname="org.run.Article_Hyperlink_Verification"/>
  <testcase name="execute" time="3.600" classname="org.run.Article_Hyperlink_Verification"/>
  <testcase name="execute" time="3.001" classname="org.run.Article_Hyperlink_Verification"/>
  <testcase name="execute" time="3.517" classname="org.run.Article_Hyperlink_Verification"/>
  <testcase name="execute" time="3.181" classname="org.run.Article_Hyperlink_Verification"/>
  <testcase name="execute" time="3.072" classname="org.run.Article_Hyperlink_Verification"/>
  <testcase name="execute" time="2.204" classname="org.run.Article_Hyperlink_Verification"/>
  <testcase name="execute" time="3.267" classname="org.run.Article_Hyperlink_Verification"/>
  <testcase name="execute" time="2.225" classname="org.run.Article_Hyperlink_Verification"/>
  <testcase name="execute" time="2.245" classname="org.run.Article_Hyperlink_Verification"/>
  <testcase name="execute" time="2.234" classname="org.run.Article_Hyperlink_Verification"/>
  <testcase name="execute" time="3.602" classname="org.run.Article_Hyperlink_Verification"/>
  <testcase name="execute" time="3.335" classname="org.run.Article_Hyperlink_Verification"/>
  <testcase name="execute" time="2.208" classname="org.run.Article_Hyperlink_Verification"/>
  <testcase name="execute" time="3.440" classname="org.run.Article_Hyperlink_Verification"/>
  <testcase name="execute" time="2.943" classname="org.run.Article_Hyperlink_Verification"/>
  <testcase name="execute" time="2.265" classname="org.run.Article_Hyperlink_Verification"/>
  <testcase name="execute" time="2.222" classname="org.run.Article_Hyperlink_Verification"/>
  <testcase name="execute" time="2.238" classname="org.run.Article_Hyperlink_Verification"/>
  <testcase name="execute" time="2.250" classname="org.run.Article_Hyperlink_Verification"/>
  <testcase name="execute" time="5.282" classname="org.run.Article_Hyperlink_Verification"/>
  <testcase name="execute" time="62.236" classname="org.run.Article_Hyperlink_Verification"/>
  <testcase name="execute" time="2.852" classname="org.run.Article_Hyperlink_Verification"/>
  <testcase name="execute" time="3.198" classname="org.run.Article_Hyperlink_Verification"/>
  <testcase name="execute" time="2.281" classname="org.run.Article_Hyperlink_Verification"/>
  <testcase name="execute" time="2.250" classname="org.run.Article_Hyperlink_Verification"/>
  <testcase name="execute" time="4.360" classname="org.run.Article_Hyperlink_Verification"/>
  <testcase name="execute" time="3.593" classname="org.run.Article_Hyperlink_Verification"/>
  <testcase name="execute" time="5.110" classname="org.run.Article_Hyperlink_Verification"/>
  <testcase name="execute" time="4.127" classname="org.run.Article_Hyperlink_Verification"/>
  <testcase name="execute" time="3.166" classname="org.run.Article_Hyperlink_Verification"/>
  <testcase name="execute" time="3.424" classname="org.run.Article_Hyperlink_Verification"/>
  <testcase name="execute" time="3.405" classname="org.run.Article_Hyperlink_Verification"/>
  <testcase name="execute" time="3.553" classname="org.run.Article_Hyperlink_Verification"/>
  <testcase name="execute" time="2.848" classname="org.run.Article_Hyperlink_Verification"/>
  <testcase name="execute" time="2.217" classname="org.run.Article_Hyperlink_Verification"/>
  <testcase name="execute" time="3.678" classname="org.run.Article_Hyperlink_Verification"/>
  <testcase name="execute" time="3.520" classname="org.run.Article_Hyperlink_Verification"/>
  <testcase name="execute" time="2.266" classname="org.run.Article_Hyperlink_Verification"/>
  <testcase name="execute" time="2.902" classname="org.run.Article_Hyperlink_Verification"/>
  <testcase name="execute" time="2.937" classname="org.run.Article_Hyperlink_Verification"/>
  <testcase name="execute" time="2.234" classname="org.run.Article_Hyperlink_Verification"/>
  <testcase name="execute" time="3.594" classname="org.run.Article_Hyperlink_Verification"/>
  <testcase name="execute" time="2.220" classname="org.run.Article_Hyperlink_Verification"/>
  <testcase name="execute" time="2.800" classname="org.run.Article_Hyperlink_Verification"/>
  <testcase name="execute" time="3.412" classname="org.run.Article_Hyperlink_Verification"/>
  <testcase name="execute" time="3.492" classname="org.run.Article_Hyperlink_Verification"/>
  <testcase name="execute" time="2.853" classname="org.run.Article_Hyperlink_Verification"/>
  <testcase name="execute" time="2.844" classname="org.run.Article_Hyperlink_Verification"/>
  <testcase name="execute" time="3.476" classname="org.run.Article_Hyperlink_Verification"/>
  <testcase name="execute" time="3.546" classname="org.run.Article_Hyperlink_Verification"/>
  <testcase name="execute" time="3.747" classname="org.run.Article_Hyperlink_Verification"/>
  <testcase name="execute" time="2.876" classname="org.run.Article_Hyperlink_Verification"/>
  <testcase name="execute" time="2.274" classname="org.run.Article_Hyperlink_Verification"/>
  <testcase name="execute" time="4.078" classname="org.run.Article_Hyperlink_Verification"/>
  <testcase name="execute" time="2.922" classname="org.run.Article_Hyperlink_Verification"/>
  <testcase name="execute" time="62.220" classname="org.run.Article_Hyperlink_Verification"/>
  <testcase name="execute" time="3.013" classname="org.run.Article_Hyperlink_Verification"/>
  <testcase name="execute" time="2.219" classname="org.run.Article_Hyperlink_Verification"/>
  <testcase name="execute" time="2.252" classname="org.run.Article_Hyperlink_Verification"/>
  <testcase name="execute" time="2.801" classname="org.run.Article_Hyperlink_Verification"/>
  <testcase name="execute" time="3.837" classname="org.run.Article_Hyperlink_Verification"/>
  <testcase name="execute" time="2.220" classname="org.run.Article_Hyperlink_Verification"/>
  <testcase name="execute" time="62.267" classname="org.run.Article_Hyperlink_Verification"/>
  <testcase name="execute" time="3.340" classname="org.run.Article_Hyperlink_Verification"/>
  <testcase name="execute" time="3.384" classname="org.run.Article_Hyperlink_Verification"/>
  <testcase name="execute" time="2.203" classname="org.run.Article_Hyperlink_Verification"/>
  <testcase name="execute" time="4.215" classname="org.run.Article_Hyperlink_Verification"/>
  <testcase name="execute" time="3.205" classname="org.run.Article_Hyperlink_Verification"/>
  <testcase name="execute" time="4.608" classname="org.run.Article_Hyperlink_Verification"/>
  <testcase name="execute" time="2.213" classname="org.run.Article_Hyperlink_Verification"/>
  <testcase name="execute" time="3.042" classname="org.run.Article_Hyperlink_Verification"/>
  <testcase name="execute" time="3.057" classname="org.run.Article_Hyperlink_Verification"/>
  <testcase name="execute" time="3.625" classname="org.run.Article_Hyperlink_Verification"/>
  <testcase name="execute" time="3.640" classname="org.run.Article_Hyperlink_Verification"/>
  <testcase name="execute" time="2.750" classname="org.run.Article_Hyperlink_Verification"/>
  <testcase name="execute" time="2.922" classname="org.run.Article_Hyperlink_Verification"/>
  <testcase name="execute" time="2.261" classname="org.run.Article_Hyperlink_Verification"/>
  <testcase name="execute" time="2.954" classname="org.run.Article_Hyperlink_Verification"/>
  <testcase name="execute" time="2.891" classname="org.run.Article_Hyperlink_Verification"/>
  <testcase name="execute" time="2.865" classname="org.run.Article_Hyperlink_Verification"/>
  <testcase name="execute" time="4.354" classname="org.run.Article_Hyperlink_Verification"/>
  <testcase name="execute" time="2.219" classname="org.run.Article_Hyperlink_Verification"/>
  <testcase name="execute" time="3.554" classname="org.run.Article_Hyperlink_Verification"/>
  <testcase name="execute" time="2.906" classname="org.run.Article_Hyperlink_Verification"/>
  <testcase name="execute" time="2.815" classname="org.run.Article_Hyperlink_Verification"/>
  <testcase name="execute" time="3.241" classname="org.run.Article_Hyperlink_Verification"/>
  <testcase name="execute" time="2.252" classname="org.run.Article_Hyperlink_Verification"/>
  <testcase name="execute" time="2.235" classname="org.run.Article_Hyperlink_Verification"/>
  <testcase name="execute" time="3.356" classname="org.run.Article_Hyperlink_Verification"/>
  <testcase name="execute" time="3.542" classname="org.run.Article_Hyperlink_Verification"/>
  <testcase name="execute" time="2.234" classname="org.run.Article_Hyperlink_Verification"/>
  <testcase name="execute" time="2.219" classname="org.run.Article_Hyperlink_Verification"/>
  <testcase name="execute" time="2.250" classname="org.run.Article_Hyperlink_Verification"/>
  <testcase name="execute" time="3.193" classname="org.run.Article_Hyperlink_Verification"/>
  <testcase name="execute" time="2.234" classname="org.run.Article_Hyperlink_Verification"/>
  <testcase name="execute" time="2.246" classname="org.run.Article_Hyperlink_Verification"/>
  <testcase name="execute" time="2.937" classname="org.run.Article_Hyperlink_Verification"/>
  <testcase name="execute" time="4.281" classname="org.run.Article_Hyperlink_Verification"/>
  <testcase name="execute" time="3.166" classname="org.run.Article_Hyperlink_Verification"/>
  <testcase name="execute" time="3.806" classname="org.run.Article_Hyperlink_Verification"/>
  <testcase name="execute" time="4.409" classname="org.run.Article_Hyperlink_Verification"/>
  <testcase name="execute" time="3.859" classname="org.run.Article_Hyperlink_Verification"/>
  <testcase name="execute" time="2.941" classname="org.run.Article_Hyperlink_Verification"/>
  <testcase name="execute" time="2.327" classname="org.run.Article_Hyperlink_Verification"/>
  <testcase name="execute" time="2.963" classname="org.run.Article_Hyperlink_Verification"/>
  <testcase name="execute" time="2.841" classname="org.run.Article_Hyperlink_Verification"/>
  <testcase name="execute" time="2.263" classname="org.run.Article_Hyperlink_Verification"/>
  <testcase name="execute" time="2.877" classname="org.run.Article_Hyperlink_Verification"/>
  <testcase name="execute" time="4.330" classname="org.run.Article_Hyperlink_Verification"/>
  <testcase name="execute" time="2.290" classname="org.run.Article_Hyperlink_Verification"/>
  <testcase name="execute" time="2.239" classname="org.run.Article_Hyperlink_Verification"/>
  <testcase name="execute" time="2.219" classname="org.run.Article_Hyperlink_Verification"/>
  <testcase name="execute" time="5.434" classname="org.run.Article_Hyperlink_Verification"/>
  <testcase name="execute" time="2.845" classname="org.run.Article_Hyperlink_Verification"/>
  <testcase name="execute" time="3.095" classname="org.run.Article_Hyperlink_Verification"/>
  <testcase name="execute" time="2.985" classname="org.run.Article_Hyperlink_Verification"/>
  <testcase name="execute" time="2.966" classname="org.run.Article_Hyperlink_Verification"/>
  <testcase name="execute" time="2.779" classname="org.run.Article_Hyperlink_Verification"/>
  <testcase name="execute" time="3.673" classname="org.run.Article_Hyperlink_Verification"/>
  <testcase name="execute" time="2.950" classname="org.run.Article_Hyperlink_Verification"/>
  <testcase name="execute" time="2.891" classname="org.run.Article_Hyperlink_Verification"/>
  <testcase name="execute" time="2.266" classname="org.run.Article_Hyperlink_Verification"/>
  <testcase name="execute" time="4.047" classname="org.run.Article_Hyperlink_Verification"/>
  <testcase name="execute" time="2.748" classname="org.run.Article_Hyperlink_Verification"/>
  <testcase name="execute" time="3.078" classname="org.run.Article_Hyperlink_Verification"/>
  <testcase name="execute" time="3.969" classname="org.run.Article_Hyperlink_Verification"/>
  <testcase name="execute" time="4.116" classname="org.run.Article_Hyperlink_Verification"/>
  <testcase name="execute" time="3.264" classname="org.run.Article_Hyperlink_Verification"/>
  <testcase name="execute" time="2.734" classname="org.run.Article_Hyperlink_Verification"/>
  <testcase name="execute" time="2.231" classname="org.run.Article_Hyperlink_Verification"/>
  <testcase name="execute" time="2.271" classname="org.run.Article_Hyperlink_Verification"/>
  <testcase name="execute" time="2.239" classname="org.run.Article_Hyperlink_Verification"/>
  <testcase name="execute" time="62.263" classname="org.run.Article_Hyperlink_Verification"/>
  <testcase name="execute" time="3.138" classname="org.run.Article_Hyperlink_Verification"/>
  <testcase name="execute" time="3.845" classname="org.run.Article_Hyperlink_Verification"/>
  <testcase name="execute" time="2.250" classname="org.run.Article_Hyperlink_Verification"/>
  <testcase name="execute" time="3.969" classname="org.run.Article_Hyperlink_Verification"/>
  <testcase name="execute" time="3.332" classname="org.run.Article_Hyperlink_Verification"/>
  <testcase name="execute" time="2.219" classname="org.run.Article_Hyperlink_Verification"/>
  <testcase name="execute" time="2.849" classname="org.run.Article_Hyperlink_Verification"/>
  <testcase name="execute" time="2.241" classname="org.run.Article_Hyperlink_Verification"/>
  <testcase name="execute" time="2.231" classname="org.run.Article_Hyperlink_Verification"/>
  <testcase name="execute" time="3.101" classname="org.run.Article_Hyperlink_Verification"/>
  <testcase name="execute" time="3.792" classname="org.run.Article_Hyperlink_Verification"/>
  <testcase name="execute" time="2.203" classname="org.run.Article_Hyperlink_Verification"/>
  <testcase name="execute" time="3.416" classname="org.run.Article_Hyperlink_Verification"/>
  <testcase name="execute" time="3.526" classname="org.run.Article_Hyperlink_Verification"/>
  <testcase name="execute" time="3.535" classname="org.run.Article_Hyperlink_Verification"/>
  <testcase name="execute" time="3.357" classname="org.run.Article_Hyperlink_Verification"/>
  <testcase name="execute" time="3.829" classname="org.run.Article_Hyperlink_Verification"/>
  <testcase name="execute" time="2.219" classname="org.run.Article_Hyperlink_Verification"/>
  <testcase name="execute" time="3.104" classname="org.run.Article_Hyperlink_Verification"/>
  <testcase name="execute" time="2.287" classname="org.run.Article_Hyperlink_Verification"/>
  <testcase name="execute" time="2.203" classname="org.run.Article_Hyperlink_Verification"/>
  <testcase name="execute" time="2.970" classname="org.run.Article_Hyperlink_Verification"/>
  <testcase name="execute" time="3.680" classname="org.run.Article_Hyperlink_Verification"/>
  <testcase name="execute" time="3.476" classname="org.run.Article_Hyperlink_Verification"/>
  <testcase name="execute" time="3.105" classname="org.run.Article_Hyperlink_Verification"/>
  <testcase name="execute" time="2.791" classname="org.run.Article_Hyperlink_Verification"/>
  <testcase name="execute" time="3.766" classname="org.run.Article_Hyperlink_Verification"/>
  <testcase name="execute" time="2.953" classname="org.run.Article_Hyperlink_Verification"/>
  <testcase name="execute" time="2.264" classname="org.run.Article_Hyperlink_Verification"/>
  <testcase name="execute" time="2.203" classname="org.run.Article_Hyperlink_Verification"/>
  <testcase name="execute" time="3.490" classname="org.run.Article_Hyperlink_Verification"/>
  <testcase name="execute" time="4.293" classname="org.run.Article_Hyperlink_Verification"/>
  <testcase name="execute" time="2.877" classname="org.run.Article_Hyperlink_Verification"/>
  <testcase name="execute" time="3.643" classname="org.run.Article_Hyperlink_Verification"/>
  <testcase name="execute" time="2.222" classname="org.run.Article_Hyperlink_Verification"/>
  <testcase name="execute" time="2.241" classname="org.run.Article_Hyperlink_Verification"/>
  <testcase name="execute" time="3.223" classname="org.run.Article_Hyperlink_Verification"/>
  <testcase name="execute" time="2.218" classname="org.run.Article_Hyperlink_Verification"/>
  <testcase name="execute" time="3.172" classname="org.run.Article_Hyperlink_Verification"/>
  <testcase name="execute" time="62.308" classname="org.run.Article_Hyperlink_Verification"/>
  <testcase name="execute" time="2.246" classname="org.run.Article_Hyperlink_Verification"/>
  <testcase name="execute" time="2.253" classname="org.run.Article_Hyperlink_Verification"/>
  <testcase name="execute" time="3.515" classname="org.run.Article_Hyperlink_Verification"/>
  <testcase name="execute" time="3.152" classname="org.run.Article_Hyperlink_Verification"/>
  <testcase name="execute" time="2.256" classname="org.run.Article_Hyperlink_Verification"/>
  <testcase name="execute" time="3.901" classname="org.run.Article_Hyperlink_Verification"/>
  <testcase name="execute" time="2.239" classname="org.run.Article_Hyperlink_Verification"/>
  <testcase name="execute" time="2.816" classname="org.run.Article_Hyperlink_Verification"/>
  <testcase name="execute" time="3.089" classname="org.run.Article_Hyperlink_Verification"/>
  <testcase name="execute" time="3.681" classname="org.run.Article_Hyperlink_Verification"/>
  <testcase name="execute" time="2.219" classname="org.run.Article_Hyperlink_Verification"/>
  <testcase name="execute" time="3.637" classname="org.run.Article_Hyperlink_Verification"/>
  <testcase name="execute" time="3.584" classname="org.run.Article_Hyperlink_Verification"/>
  <testcase name="execute" time="2.852" classname="org.run.Article_Hyperlink_Verification"/>
  <testcase name="execute" time="2.224" classname="org.run.Article_Hyperlink_Verification"/>
  <testcase name="execute" time="2.297" classname="org.run.Article_Hyperlink_Verification"/>
  <testcase name="execute" time="6.742" classname="org.run.Article_Hyperlink_Verification"/>
  <testcase name="execute" time="2.733" classname="org.run.Article_Hyperlink_Verification"/>
  <testcase name="execute" time="62.347" classname="org.run.Article_Hyperlink_Verification"/>
  <testcase name="execute" time="2.219" classname="org.run.Article_Hyperlink_Verification"/>
  <testcase name="execute" time="3.844" classname="org.run.Article_Hyperlink_Verification"/>
  <testcase name="execute" time="2.234" classname="org.run.Article_Hyperlink_Verification"/>
  <testcase name="execute" time="3.093" classname="org.run.Article_Hyperlink_Verification"/>
  <testcase name="execute" time="3.066" classname="org.run.Article_Hyperlink_Verification"/>
  <testcase name="execute" time="2.246" classname="org.run.Article_Hyperlink_Verification"/>
  <testcase name="execute" time="3.322" classname="org.run.Article_Hyperlink_Verification"/>
  <testcase name="execute" time="2.219" classname="org.run.Article_Hyperlink_Verification"/>
  <testcase name="execute" time="2.876" classname="org.run.Article_Hyperlink_Verification"/>
  <testcase name="execute" time="4.268" classname="org.run.Article_Hyperlink_Verification"/>
  <testcase name="execute" time="3.578" classname="org.run.Article_Hyperlink_Verification"/>
  <testcase name="execute" time="2.218" classname="org.run.Article_Hyperlink_Verification"/>
  <testcase name="execute" time="3.583" classname="org.run.Article_Hyperlink_Verification"/>
  <testcase name="execute" time="3.273" classname="org.run.Article_Hyperlink_Verification"/>
  <testcase name="execute" time="4.013" classname="org.run.Article_Hyperlink_Verification"/>
  <testcase name="execute" time="3.272" classname="org.run.Article_Hyperlink_Verification"/>
  <testcase name="execute" time="2.250" classname="org.run.Article_Hyperlink_Verification"/>
  <testcase name="execute" time="3.243" classname="org.run.Article_Hyperlink_Verification"/>
  <testcase name="execute" time="3.206" classname="org.run.Article_Hyperlink_Verification"/>
  <testcase name="execute" time="2.255" classname="org.run.Article_Hyperlink_Verification"/>
  <testcase name="execute" time="3.387" classname="org.run.Article_Hyperlink_Verification"/>
  <testcase name="execute" time="2.955" classname="org.run.Article_Hyperlink_Verification"/>
  <testcase name="execute" time="2.766" classname="org.run.Article_Hyperlink_Verification"/>
  <testcase name="execute" time="2.782" classname="org.run.Article_Hyperlink_Verification"/>
  <testcase name="execute" time="3.086" classname="org.run.Article_Hyperlink_Verification"/>
  <testcase name="execute" time="3.375" classname="org.run.Article_Hyperlink_Verification"/>
  <testcase name="execute" time="2.250" classname="org.run.Article_Hyperlink_Verification"/>
  <testcase name="execute" time="2.235" classname="org.run.Article_Hyperlink_Verification"/>
  <testcase name="execute" time="62.318" classname="org.run.Article_Hyperlink_Verification"/>
  <testcase name="execute" time="62.392" classname="org.run.Article_Hyperlink_Verification"/>
  <testcase name="execute" time="3.711" classname="org.run.Article_Hyperlink_Verification"/>
  <testcase name="execute" time="3.819" classname="org.run.Article_Hyperlink_Verification"/>
  <testcase name="execute" time="2.236" classname="org.run.Article_Hyperlink_Verification"/>
  <testcase name="execute" time="2.220" classname="org.run.Article_Hyperlink_Verification"/>
  <testcase name="execute" time="3.890" classname="org.run.Article_Hyperlink_Verification"/>
  <testcase name="execute" time="3.744" classname="org.run.Article_Hyperlink_Verification"/>
  <testcase name="execute" time="2.815" classname="org.run.Article_Hyperlink_Verification"/>
  <testcase name="execute" time="3.503" classname="org.run.Article_Hyperlink_Verification"/>
  <testcase name="execute" time="2.693" classname="org.run.Article_Hyperlink_Verification"/>
  <testcase name="execute" time="2.907" classname="org.run.Article_Hyperlink_Verification"/>
  <testcase name="execute" time="2.912" classname="org.run.Article_Hyperlink_Verification"/>
  <testcase name="execute" time="4.030" classname="org.run.Article_Hyperlink_Verification"/>
  <testcase name="execute" time="2.189" classname="org.run.Article_Hyperlink_Verification"/>
  <testcase name="execute" time="2.237" classname="org.run.Article_Hyperlink_Verification"/>
  <testcase name="execute" time="4.777" classname="org.run.Article_Hyperlink_Verification"/>
  <testcase name="execute" time="3.226" classname="org.run.Article_Hyperlink_Verification"/>
  <testcase name="execute" time="3.779" classname="org.run.Article_Hyperlink_Verification"/>
  <testcase name="execute" time="2.265" classname="org.run.Article_Hyperlink_Verification"/>
  <testcase name="execute" time="3.260" classname="org.run.Article_Hyperlink_Verification"/>
  <testcase name="execute" time="4.299" classname="org.run.Article_Hyperlink_Verification"/>
  <testcase name="execute" time="62.267" classname="org.run.Article_Hyperlink_Verification"/>
  <testcase name="execute" time="2.238" classname="org.run.Article_Hyperlink_Verification"/>
  <testcase name="execute" time="2.202" classname="org.run.Article_Hyperlink_Verification"/>
  <testcase name="execute" time="4.926" classname="org.run.Article_Hyperlink_Verification"/>
  <testcase name="execute" time="3.391" classname="org.run.Article_Hyperlink_Verification"/>
  <testcase name="execute" time="2.860" classname="org.run.Article_Hyperlink_Verification"/>
  <testcase name="execute" time="4.550" classname="org.run.Article_Hyperlink_Verification"/>
  <testcase name="execute" time="2.282" classname="org.run.Article_Hyperlink_Verification"/>
  <testcase name="execute" time="3.252" classname="org.run.Article_Hyperlink_Verification"/>
  <testcase name="execute" time="62.251" classname="org.run.Article_Hyperlink_Verification"/>
  <testcase name="execute" time="3.392" classname="org.run.Article_Hyperlink_Verification"/>
  <testcase name="execute" time="2.233" classname="org.run.Article_Hyperlink_Verification"/>
  <testcase name="execute" time="2.234" classname="org.run.Article_Hyperlink_Verification"/>
  <testcase name="execute" time="2.243" classname="org.run.Article_Hyperlink_Verification"/>
  <testcase name="execute" time="2.234" classname="org.run.Article_Hyperlink_Verification"/>
  <testcase name="execute" time="3.852" classname="org.run.Article_Hyperlink_Verification"/>
  <testcase name="execute" time="2.743" classname="org.run.Article_Hyperlink_Verification"/>
  <testcase name="execute" time="2.421" classname="org.run.Article_Hyperlink_Verification"/>
  <testcase name="execute" time="2.831" classname="org.run.Article_Hyperlink_Verification"/>
  <testcase name="execute" time="3.322" classname="org.run.Article_Hyperlink_Verification"/>
  <testcase name="execute" time="2.256" classname="org.run.Article_Hyperlink_Verification"/>
  <testcase name="execute" time="3.997" classname="org.run.Article_Hyperlink_Verification"/>
  <testcase name="execute" time="2.219" classname="org.run.Article_Hyperlink_Verification"/>
  <testcase name="execute" time="3.214" classname="org.run.Article_Hyperlink_Verification"/>
  <testcase name="execute" time="3.055" classname="org.run.Article_Hyperlink_Verification"/>
  <testcase name="execute" time="3.763" classname="org.run.Article_Hyperlink_Verification"/>
  <testcase name="execute" time="3.171" classname="org.run.Article_Hyperlink_Verification"/>
  <testcase name="execute" time="3.675" classname="org.run.Article_Hyperlink_Verification"/>
  <testcase name="execute" time="2.264" classname="org.run.Article_Hyperlink_Verification"/>
  <testcase name="execute" time="3.694" classname="org.run.Article_Hyperlink_Verification"/>
  <testcase name="execute" time="3.169" classname="org.run.Article_Hyperlink_Verification"/>
  <testcase name="execute" time="2.189" classname="org.run.Article_Hyperlink_Verification"/>
  <testcase name="execute" time="2.708" classname="org.run.Article_Hyperlink_Verification"/>
  <testcase name="execute" time="3.533" classname="org.run.Article_Hyperlink_Verification"/>
  <testcase name="execute" time="2.219" classname="org.run.Article_Hyperlink_Verification"/>
  <testcase name="execute" time="2.749" classname="org.run.Article_Hyperlink_Verification"/>
  <testcase name="execute" time="3.594" classname="org.run.Article_Hyperlink_Verification"/>
  <testcase name="execute" time="2.229" classname="org.run.Article_Hyperlink_Verification"/>
  <testcase name="execute" time="3.464" classname="org.run.Article_Hyperlink_Verification"/>
  <testcase name="execute" time="2.282" classname="org.run.Article_Hyperlink_Verification"/>
  <testcase name="execute" time="3.248" classname="org.run.Article_Hyperlink_Verification"/>
  <testcase name="execute" time="3.731" classname="org.run.Article_Hyperlink_Verification"/>
  <testcase name="execute" time="2.207" classname="org.run.Article_Hyperlink_Verification"/>
  <testcase name="execute" time="62.255" classname="org.run.Article_Hyperlink_Verification"/>
  <testcase name="execute" time="2.805" classname="org.run.Article_Hyperlink_Verification"/>
  <testcase name="execute" time="3.920" classname="org.run.Article_Hyperlink_Verification"/>
  <testcase name="execute" time="3.505" classname="org.run.Article_Hyperlink_Verification"/>
  <testcase name="execute" time="2.228" classname="org.run.Article_Hyperlink_Verification"/>
  <testcase name="execute" time="3.258" classname="org.run.Article_Hyperlink_Verification"/>
  <testcase name="execute" time="3.465" classname="org.run.Article_Hyperlink_Verification"/>
  <testcase name="execute" time="3.570" classname="org.run.Article_Hyperlink_Verification"/>
  <testcase name="execute" time="3.213" classname="org.run.Article_Hyperlink_Verification"/>
  <testcase name="execute" time="3.391" classname="org.run.Article_Hyperlink_Verification"/>
  <testcase name="execute" time="3.031" classname="org.run.Article_Hyperlink_Verification"/>
  <testcase name="execute" time="3.613" classname="org.run.Article_Hyperlink_Verification"/>
  <testcase name="execute" time="3.603" classname="org.run.Article_Hyperlink_Verification"/>
  <testcase name="execute" time="3.476" classname="org.run.Article_Hyperlink_Verification"/>
  <testcase name="execute" time="3.234" classname="org.run.Article_Hyperlink_Verification"/>
  <testcase name="execute" time="3.523" classname="org.run.Article_Hyperlink_Verification"/>
  <testcase name="execute" time="3.412" classname="org.run.Article_Hyperlink_Verification"/>
  <testcase name="execute" time="2.900" classname="org.run.Article_Hyperlink_Verification"/>
  <testcase name="execute" time="2.203" classname="org.run.Article_Hyperlink_Verification"/>
  <testcase name="execute" time="2.957" classname="org.run.Article_Hyperlink_Verification"/>
  <testcase name="execute" time="3.501" classname="org.run.Article_Hyperlink_Verification"/>
  <testcase name="execute" time="4.533" classname="org.run.Article_Hyperlink_Verification"/>
  <testcase name="execute" time="3.175" classname="org.run.Article_Hyperlink_Verification"/>
  <testcase name="execute" time="3.959" classname="org.run.Article_Hyperlink_Verification"/>
  <testcase name="execute" time="2.877" classname="org.run.Article_Hyperlink_Verification"/>
  <testcase name="execute" time="2.868" classname="org.run.Article_Hyperlink_Verification"/>
  <testcase name="execute" time="2.761" classname="org.run.Article_Hyperlink_Verification"/>
  <testcase name="execute" time="3.218" classname="org.run.Article_Hyperlink_Verification"/>
  <testcase name="execute" time="2.219" classname="org.run.Article_Hyperlink_Verification"/>
  <testcase name="execute" time="3.821" classname="org.run.Article_Hyperlink_Verification"/>
  <testcase name="execute" time="3.914" classname="org.run.Article_Hyperlink_Verification"/>
  <testcase name="execute" time="4.104" classname="org.run.Article_Hyperlink_Verification"/>
  <testcase name="execute" time="2.203" classname="org.run.Article_Hyperlink_Verification"/>
  <testcase name="execute" time="4.467" classname="org.run.Article_Hyperlink_Verification"/>
  <testcase name="execute" time="3.052" classname="org.run.Article_Hyperlink_Verification"/>
  <testcase name="execute" time="3.626" classname="org.run.Article_Hyperlink_Verification"/>
  <testcase name="execute" time="3.414" classname="org.run.Article_Hyperlink_Verification"/>
  <testcase name="execute" time="2.307" classname="org.run.Article_Hyperlink_Verification"/>
  <testcase name="execute" time="2.736" classname="org.run.Article_Hyperlink_Verification"/>
  <testcase name="execute" time="3.002" classname="org.run.Article_Hyperlink_Verification"/>
  <testcase name="execute" time="2.891" classname="org.run.Article_Hyperlink_Verification"/>
  <testcase name="execute" time="3.173" classname="org.run.Article_Hyperlink_Verification"/>
  <testcase name="execute" time="62.251" classname="org.run.Article_Hyperlink_Verification"/>
  <testcase name="execute" time="2.999" classname="org.run.Article_Hyperlink_Verification"/>
  <testcase name="execute" time="2.978" classname="org.run.Article_Hyperlink_Verification"/>
  <testcase name="execute" time="3.353" classname="org.run.Article_Hyperlink_Verification"/>
  <testcase name="execute" time="2.793" classname="org.run.Article_Hyperlink_Verification"/>
  <testcase name="execute" time="4.281" classname="org.run.Article_Hyperlink_Verification"/>
  <testcase name="execute" time="3.566" classname="org.run.Article_Hyperlink_Verification"/>
  <testcase name="execute" time="2.902" classname="org.run.Article_Hyperlink_Verification"/>
  <testcase name="execute" time="4.156" classname="org.run.Article_Hyperlink_Verification"/>
  <testcase name="execute" time="62.236" classname="org.run.Article_Hyperlink_Verification"/>
  <testcase name="execute" time="2.279" classname="org.run.Article_Hyperlink_Verification"/>
  <testcase name="execute" time="3.157" classname="org.run.Article_Hyperlink_Verification"/>
  <testcase name="execute" time="3.322" classname="org.run.Article_Hyperlink_Verification"/>
  <testcase name="execute" time="3.845" classname="org.run.Article_Hyperlink_Verification"/>
  <testcase name="execute" time="3.487" classname="org.run.Article_Hyperlink_Verification"/>
  <testcase name="execute" time="4.187" classname="org.run.Article_Hyperlink_Verification"/>
  <testcase name="execute" time="3.176" classname="org.run.Article_Hyperlink_Verification"/>
  <testcase name="execute" time="3.218" classname="org.run.Article_Hyperlink_Verification"/>
  <testcase name="execute" time="4.063" classname="org.run.Article_Hyperlink_Verification"/>
  <testcase name="execute" time="3.103" classname="org.run.Article_Hyperlink_Verification"/>
  <testcase name="execute" time="2.232" classname="org.run.Article_Hyperlink_Verification"/>
  <testcase name="execute" time="62.267" classname="org.run.Article_Hyperlink_Verification"/>
  <testcase name="execute" time="3.700" classname="org.run.Article_Hyperlink_Verification"/>
  <testcase name="execute" time="2.200" classname="org.run.Article_Hyperlink_Verification"/>
  <testcase name="execute" time="2.250" classname="org.run.Article_Hyperlink_Verification"/>
  <testcase name="execute" time="2.788" classname="org.run.Article_Hyperlink_Verification"/>
  <testcase name="execute" time="2.250" classname="org.run.Article_Hyperlink_Verification"/>
  <testcase name="execute" time="2.218" classname="org.run.Article_Hyperlink_Verification"/>
  <testcase name="execute" time="4.804" classname="org.run.Article_Hyperlink_Verification"/>
  <testcase name="execute" time="3.994" classname="org.run.Article_Hyperlink_Verification"/>
  <testcase name="execute" time="2.288" classname="org.run.Article_Hyperlink_Verification"/>
  <testcase name="execute" time="2.234" classname="org.run.Article_Hyperlink_Verification"/>
  <testcase name="execute" time="2.219" classname="org.run.Article_Hyperlink_Verification"/>
  <testcase name="execute" time="4.219" classname="org.run.Article_Hyperlink_Verification"/>
  <testcase name="execute" time="2.219" classname="org.run.Article_Hyperlink_Verification"/>
  <testcase name="execute" time="62.380" classname="org.run.Article_Hyperlink_Verification"/>
  <testcase name="execute" time="2.766" classname="org.run.Article_Hyperlink_Verification"/>
  <testcase name="execute" time="2.851" classname="org.run.Article_Hyperlink_Verification"/>
  <testcase name="execute" time="2.212" classname="org.run.Article_Hyperlink_Verification"/>
  <testcase name="execute" time="2.908" classname="org.run.Article_Hyperlink_Verification"/>
  <testcase name="execute" time="3.195" classname="org.run.Article_Hyperlink_Verification"/>
  <testcase name="execute" time="62.263" classname="org.run.Article_Hyperlink_Verification"/>
  <testcase name="execute" time="3.073" classname="org.run.Article_Hyperlink_Verification"/>
  <testcase name="execute" time="2.776" classname="org.run.Article_Hyperlink_Verification"/>
  <testcase name="execute" time="3.817" classname="org.run.Article_Hyperlink_Verification"/>
  <testcase name="execute" time="2.886" classname="org.run.Article_Hyperlink_Verification"/>
  <testcase name="execute" time="2.205" classname="org.run.Article_Hyperlink_Verification"/>
  <testcase name="execute" time="3.337" classname="org.run.Article_Hyperlink_Verification"/>
  <testcase name="execute" time="4.975" classname="org.run.Article_Hyperlink_Verification"/>
  <testcase name="execute" time="3.480" classname="org.run.Article_Hyperlink_Verification"/>
  <testcase name="execute" time="4.601" classname="org.run.Article_Hyperlink_Verification"/>
  <testcase name="execute" time="3.684" classname="org.run.Article_Hyperlink_Verification"/>
  <testcase name="execute" time="62.284" classname="org.run.Article_Hyperlink_Verification"/>
  <testcase name="execute" time="3.438" classname="org.run.Article_Hyperlink_Verification"/>
  <testcase name="execute" time="2.273" classname="org.run.Article_Hyperlink_Verification"/>
  <testcase name="execute" time="3.058" classname="org.run.Article_Hyperlink_Verification"/>
  <testcase name="execute" time="3.853" classname="org.run.Article_Hyperlink_Verification"/>
  <testcase name="execute" time="62.271" classname="org.run.Article_Hyperlink_Verification"/>
  <testcase name="execute" time="3.657" classname="org.run.Article_Hyperlink_Verification"/>
  <testcase name="execute" time="2.892" classname="org.run.Article_Hyperlink_Verification"/>
  <testcase name="execute" time="2.966" classname="org.run.Article_Hyperlink_Verification"/>
  <testcase name="execute" time="2.245" classname="org.run.Article_Hyperlink_Verification"/>
  <testcase name="execute" time="2.234" classname="org.run.Article_Hyperlink_Verification"/>
  <testcase name="execute" time="62.376" classname="org.run.Article_Hyperlink_Verification"/>
  <testcase name="execute" time="2.254" classname="org.run.Article_Hyperlink_Verification"/>
  <testcase name="execute" time="62.281" classname="org.run.Article_Hyperlink_Verification"/>
  <testcase name="execute" time="2.741" classname="org.run.Article_Hyperlink_Verification"/>
  <testcase name="execute" time="2.960" classname="org.run.Article_Hyperlink_Verification"/>
  <testcase name="execute" time="3.122" classname="org.run.Article_Hyperlink_Verification"/>
  <testcase name="execute" time="2.983" classname="org.run.Article_Hyperlink_Verification"/>
  <testcase name="execute" time="2.802" classname="org.run.Article_Hyperlink_Verification"/>
  <testcase name="execute" time="3.636" classname="org.run.Article_Hyperlink_Verification"/>
  <testcase name="execute" time="3.558" classname="org.run.Article_Hyperlink_Verification"/>
  <testcase name="execute" time="2.229" classname="org.run.Article_Hyperlink_Verification"/>
  <testcase name="execute" time="2.820" classname="org.run.Article_Hyperlink_Verification"/>
  <testcase name="execute" time="2.275" classname="org.run.Article_Hyperlink_Verification"/>
  <testcase name="execute" time="3.709" classname="org.run.Article_Hyperlink_Verification"/>
  <testcase name="execute" time="2.251" classname="org.run.Article_Hyperlink_Verification"/>
  <testcase name="execute" time="2.216" classname="org.run.Article_Hyperlink_Verification"/>
  <testcase name="execute" time="3.619" classname="org.run.Article_Hyperlink_Verification"/>
  <testcase name="execute" time="2.234" classname="org.run.Article_Hyperlink_Verification"/>
  <testcase name="execute" time="66.085" classname="org.run.Article_Hyperlink_Verification"/>
  <testcase name="execute" time="2.249" classname="org.run.Article_Hyperlink_Verification"/>
  <testcase name="execute" time="2.214" classname="org.run.Article_Hyperlink_Verification"/>
  <testcase name="execute" time="2.988" classname="org.run.Article_Hyperlink_Verification"/>
  <testcase name="execute" time="2.230" classname="org.run.Article_Hyperlink_Verification"/>
  <testcase name="execute" time="2.258" classname="org.run.Article_Hyperlink_Verification"/>
  <testcase name="execute" time="3.649" classname="org.run.Article_Hyperlink_Verification"/>
  <testcase name="execute" time="3.849" classname="org.run.Article_Hyperlink_Verification"/>
  <testcase name="execute" time="3.133" classname="org.run.Article_Hyperlink_Verification"/>
  <testcase name="execute" time="2.250" classname="org.run.Article_Hyperlink_Verification"/>
  <testcase name="execute" time="3.676" classname="org.run.Article_Hyperlink_Verification"/>
  <testcase name="execute" time="2.817" classname="org.run.Article_Hyperlink_Verification"/>
  <testcase name="execute" time="3.212" classname="org.run.Article_Hyperlink_Verification"/>
  <testcase name="execute" time="2.938" classname="org.run.Article_Hyperlink_Verification"/>
  <testcase name="execute" time="3.305" classname="org.run.Article_Hyperlink_Verification"/>
  <testcase name="execute" time="3.751" classname="org.run.Article_Hyperlink_Verification"/>
  <testcase name="execute" time="2.265" classname="org.run.Article_Hyperlink_Verification"/>
  <testcase name="execute" time="3.469" classname="org.run.Article_Hyperlink_Verification"/>
  <testcase name="execute" time="2.897" classname="org.run.Article_Hyperlink_Verification"/>
  <testcase name="execute" time="2.250" classname="org.run.Article_Hyperlink_Verification"/>
  <testcase name="execute" time="2.964" classname="org.run.Article_Hyperlink_Verification"/>
  <testcase name="execute" time="2.765" classname="org.run.Article_Hyperlink_Verification"/>
  <testcase name="execute" time="62.484" classname="org.run.Article_Hyperlink_Verification"/>
  <testcase name="execute" time="3.384" classname="org.run.Article_Hyperlink_Verification"/>
  <testcase name="execute" time="3.075" classname="org.run.Article_Hyperlink_Verification"/>
  <testcase name="execute" time="62.306" classname="org.run.Article_Hyperlink_Verification"/>
  <testcase name="execute" time="4.092" classname="org.run.Article_Hyperlink_Verification"/>
  <testcase name="execute" time="2.228" classname="org.run.Article_Hyperlink_Verification"/>
  <testcase name="execute" time="2.267" classname="org.run.Article_Hyperlink_Verification"/>
  <testcase name="execute" time="3.572" classname="org.run.Article_Hyperlink_Verification"/>
  <testcase name="execute" time="3.234" classname="org.run.Article_Hyperlink_Verification"/>
  <testcase name="execute" time="3.753" classname="org.run.Article_Hyperlink_Verification"/>
  <testcase name="execute" time="4.020" classname="org.run.Article_Hyperlink_Verification"/>
  <testcase name="execute" time="3.157" classname="org.run.Article_Hyperlink_Verification"/>
  <testcase name="execute" time="3.042" classname="org.run.Article_Hyperlink_Verification"/>
  <testcase name="execute" time="2.250" classname="org.run.Article_Hyperlink_Verification"/>
  <testcase name="execute" time="2.259" classname="org.run.Article_Hyperlink_Verification"/>
  <testcase name="execute" time="2.262" classname="org.run.Article_Hyperlink_Verification"/>
  <testcase name="execute" time="4.522" classname="org.run.Article_Hyperlink_Verification"/>
  <testcase name="execute" time="2.999" classname="org.run.Article_Hyperlink_Verification"/>
  <testcase name="execute" time="3.031" classname="org.run.Article_Hyperlink_Verification"/>
  <testcase name="execute" time="3.929" classname="org.run.Article_Hyperlink_Verification"/>
  <testcase name="execute" time="2.260" classname="org.run.Article_Hyperlink_Verification"/>
  <testcase name="execute" time="2.298" classname="org.run.Article_Hyperlink_Verification"/>
  <testcase name="execute" time="3.706" classname="org.run.Article_Hyperlink_Verification"/>
  <testcase name="execute" time="2.859" classname="org.run.Article_Hyperlink_Verification"/>
  <testcase name="execute" time="62.373" classname="org.run.Article_Hyperlink_Verification"/>
  <testcase name="execute" time="6.435" classname="org.run.Article_Hyperlink_Verification"/>
  <testcase name="execute" time="2.886" classname="org.run.Article_Hyperlink_Verification"/>
  <testcase name="execute" time="2.888" classname="org.run.Article_Hyperlink_Verification"/>
  <testcase name="execute" time="2.234" classname="org.run.Article_Hyperlink_Verification"/>
  <testcase name="execute" time="3.279" classname="org.run.Article_Hyperlink_Verification"/>
  <testcase name="execute" time="3.795" classname="org.run.Article_Hyperlink_Verification"/>
  <testcase name="execute" time="3.241" classname="org.run.Article_Hyperlink_Verification"/>
  <testcase name="execute" time="2.235" classname="org.run.Article_Hyperlink_Verification"/>
  <testcase name="execute" time="2.218" classname="org.run.Article_Hyperlink_Verification"/>
  <testcase name="execute" time="2.234" classname="org.run.Article_Hyperlink_Verification"/>
  <testcase name="execute" time="2.259" classname="org.run.Article_Hyperlink_Verification"/>
  <testcase name="execute" time="3.255" classname="org.run.Article_Hyperlink_Verification"/>
  <testcase name="execute" time="2.203" classname="org.run.Article_Hyperlink_Verification"/>
  <testcase name="execute" time="3.639" classname="org.run.Article_Hyperlink_Verification"/>
  <testcase name="execute" time="3.877" classname="org.run.Article_Hyperlink_Verification"/>
  <testcase name="execute" time="2.228" classname="org.run.Article_Hyperlink_Verification"/>
  <testcase name="execute" time="2.207" classname="org.run.Article_Hyperlink_Verification"/>
  <testcase name="execute" time="2.239" classname="org.run.Article_Hyperlink_Verification"/>
  <testcase name="execute" time="2.236" classname="org.run.Article_Hyperlink_Verification"/>
  <testcase name="execute" time="2.266" classname="org.run.Article_Hyperlink_Verification"/>
  <testcase name="execute" time="2.921" classname="org.run.Article_Hyperlink_Verification"/>
  <testcase name="execute" time="2.219" classname="org.run.Article_Hyperlink_Verification"/>
  <testcase name="execute" time="2.189" classname="org.run.Article_Hyperlink_Verification"/>
  <testcase name="execute" time="2.969" classname="org.run.Article_Hyperlink_Verification"/>
  <testcase name="execute" time="3.457" classname="org.run.Article_Hyperlink_Verification"/>
  <testcase name="execute" time="2.250" classname="org.run.Article_Hyperlink_Verification"/>
  <testcase name="execute" time="2.961" classname="org.run.Article_Hyperlink_Verification"/>
  <testcase name="execute" time="3.168" classname="org.run.Article_Hyperlink_Verification"/>
  <testcase name="execute" time="2.211" classname="org.run.Article_Hyperlink_Verification"/>
  <testcase name="execute" time="62.243" classname="org.run.Article_Hyperlink_Verification"/>
  <testcase name="execute" time="2.279" classname="org.run.Article_Hyperlink_Verification"/>
  <testcase name="execute" time="3.441" classname="org.run.Article_Hyperlink_Verification"/>
  <testcase name="execute" time="2.245" classname="org.run.Article_Hyperlink_Verification"/>
  <testcase name="execute" time="3.899" classname="org.run.Article_Hyperlink_Verification"/>
  <testcase name="execute" time="2.312" classname="org.run.Article_Hyperlink_Verification"/>
  <testcase name="execute" time="2.248" classname="org.run.Article_Hyperlink_Verification"/>
  <testcase name="execute" time="3.622" classname="org.run.Article_Hyperlink_Verification"/>
  <testcase name="execute" time="3.166" classname="org.run.Article_Hyperlink_Verification"/>
  <testcase name="execute" time="2.804" classname="org.run.Article_Hyperlink_Verification"/>
  <testcase name="execute" time="2.245" classname="org.run.Article_Hyperlink_Verification"/>
  <testcase name="execute" time="5.899" classname="org.run.Article_Hyperlink_Verification"/>
  <testcase name="execute" time="2.848" classname="org.run.Article_Hyperlink_Verification"/>
  <testcase name="execute" time="3.247" classname="org.run.Article_Hyperlink_Verification"/>
  <testcase name="execute" time="2.254" classname="org.run.Article_Hyperlink_Verification"/>
  <testcase name="execute" time="2.247" classname="org.run.Article_Hyperlink_Verification"/>
  <testcase name="execute" time="2.282" classname="org.run.Article_Hyperlink_Verification"/>
  <testcase name="execute" time="2.206" classname="org.run.Article_Hyperlink_Verification"/>
  <testcase name="execute" time="2.967" classname="org.run.Article_Hyperlink_Verification"/>
  <testcase name="execute" time="2.246" classname="org.run.Article_Hyperlink_Verification"/>
  <testcase name="execute" time="3.053" classname="org.run.Article_Hyperlink_Verification"/>
  <testcase name="execute" time="3.857" classname="org.run.Article_Hyperlink_Verification"/>
  <testcase name="execute" time="4.802" classname="org.run.Article_Hyperlink_Verification"/>
  <testcase name="execute" time="2.825" classname="org.run.Article_Hyperlink_Verification"/>
  <testcase name="execute" time="3.679" classname="org.run.Article_Hyperlink_Verification"/>
  <testcase name="execute" time="2.234" classname="org.run.Article_Hyperlink_Verification"/>
  <testcase name="execute" time="3.142" classname="org.run.Article_Hyperlink_Verification"/>
  <testcase name="execute" time="3.190" classname="org.run.Article_Hyperlink_Verification"/>
  <testcase name="execute" time="2.769" classname="org.run.Article_Hyperlink_Verification"/>
  <testcase name="execute" time="2.214" classname="org.run.Article_Hyperlink_Verification"/>
  <testcase name="execute" time="2.832" classname="org.run.Article_Hyperlink_Verification"/>
  <testcase name="execute" time="3.413" classname="org.run.Article_Hyperlink_Verification"/>
  <testcase name="execute" time="3.859" classname="org.run.Article_Hyperlink_Verification"/>
  <testcase name="execute" time="3.570" classname="org.run.Article_Hyperlink_Verification"/>
  <testcase name="execute" time="2.218" classname="org.run.Article_Hyperlink_Verification"/>
  <testcase name="execute" time="6.929" classname="org.run.Article_Hyperlink_Verification"/>
  <testcase name="execute" time="3.806" classname="org.run.Article_Hyperlink_Verification"/>
  <testcase name="execute" time="3.196" classname="org.run.Article_Hyperlink_Verification"/>
  <testcase name="execute" time="3.010" classname="org.run.Article_Hyperlink_Verification"/>
  <testcase name="execute" time="2.692" classname="org.run.Article_Hyperlink_Verification"/>
  <testcase name="execute" time="62.282" classname="org.run.Article_Hyperlink_Verification"/>
  <testcase name="execute" time="2.226" classname="org.run.Article_Hyperlink_Verification"/>
  <testcase name="execute" time="3.951" classname="org.run.Article_Hyperlink_Verification"/>
  <testcase name="execute" time="2.212" classname="org.run.Article_Hyperlink_Verification"/>
  <testcase name="execute" time="2.969" classname="org.run.Article_Hyperlink_Verification"/>
  <testcase name="execute" time="3.591" classname="org.run.Article_Hyperlink_Verification"/>
  <testcase name="execute" time="2.265" classname="org.run.Article_Hyperlink_Verification"/>
  <testcase name="execute" time="2.249" classname="org.run.Article_Hyperlink_Verification"/>
  <testcase name="execute" time="3.359" classname="org.run.Article_Hyperlink_Verification"/>
  <testcase name="execute" time="2.922" classname="org.run.Article_Hyperlink_Verification"/>
  <testcase name="execute" time="2.683" classname="org.run.Article_Hyperlink_Verification"/>
  <testcase name="execute" time="62.288" classname="org.run.Article_Hyperlink_Verification"/>
  <testcase name="execute" time="3.259" classname="org.run.Article_Hyperlink_Verification"/>
  <testcase name="execute" time="2.221" classname="org.run.Article_Hyperlink_Verification"/>
  <testcase name="execute" time="3.547" classname="org.run.Article_Hyperlink_Verification"/>
  <testcase name="execute" time="3.484" classname="org.run.Article_Hyperlink_Verification"/>
  <testcase name="execute" time="2.783" classname="org.run.Article_Hyperlink_Verification"/>
  <testcase name="execute" time="2.219" classname="org.run.Article_Hyperlink_Verification"/>
  <testcase name="execute" time="3.164" classname="org.run.Article_Hyperlink_Verification"/>
  <testcase name="execute" time="2.880" classname="org.run.Article_Hyperlink_Verification"/>
  <testcase name="execute" time="3.585" classname="org.run.Article_Hyperlink_Verification"/>
  <testcase name="execute" time="3.528" classname="org.run.Article_Hyperlink_Verification"/>
  <testcase name="execute" time="2.233" classname="org.run.Article_Hyperlink_Verification"/>
  <testcase name="execute" time="2.218" classname="org.run.Article_Hyperlink_Verification"/>
  <testcase name="execute" time="2.859" classname="org.run.Article_Hyperlink_Verification"/>
  <testcase name="execute" time="3.496" classname="org.run.Article_Hyperlink_Verification"/>
  <testcase name="execute" time="3.183" classname="org.run.Article_Hyperlink_Verification"/>
  <testcase name="execute" time="2.855" classname="org.run.Article_Hyperlink_Verification"/>
  <testcase name="execute" time="4.022" classname="org.run.Article_Hyperlink_Verification"/>
  <testcase name="execute" time="3.785" classname="org.run.Article_Hyperlink_Verification"/>
  <testcase name="execute" time="2.235" classname="org.run.Article_Hyperlink_Verification"/>
  <testcase name="execute" time="3.138" classname="org.run.Article_Hyperlink_Verification"/>
  <testcase name="execute" time="2.906" classname="org.run.Article_Hyperlink_Verification"/>
  <testcase name="execute" time="2.220" classname="org.run.Article_Hyperlink_Verification"/>
  <testcase name="execute" time="3.361" classname="org.run.Article_Hyperlink_Verification"/>
  <testcase name="execute" time="62.263" classname="org.run.Article_Hyperlink_Verification"/>
  <testcase name="execute" time="3.010" classname="org.run.Article_Hyperlink_Verification"/>
  <testcase name="execute" time="2.839" classname="org.run.Article_Hyperlink_Verification"/>
  <testcase name="execute" time="2.837" classname="org.run.Article_Hyperlink_Verification"/>
  <testcase name="execute" time="3.938" classname="org.run.Article_Hyperlink_Verification"/>
  <testcase name="execute" time="3.585" classname="org.run.Article_Hyperlink_Verification"/>
  <testcase name="execute" time="2.251" classname="org.run.Article_Hyperlink_Verification"/>
  <testcase name="execute" time="2.792" classname="org.run.Article_Hyperlink_Verification"/>
  <testcase name="execute" time="2.218" classname="org.run.Article_Hyperlink_Verification"/>
  <testcase name="execute" time="3.336" classname="org.run.Article_Hyperlink_Verification"/>
  <testcase name="execute" time="2.301" classname="org.run.Article_Hyperlink_Verification"/>
  <testcase name="execute" time="2.775" classname="org.run.Article_Hyperlink_Verification"/>
  <testcase name="execute" time="3.797" classname="org.run.Article_Hyperlink_Verification"/>
  <testcase name="execute" time="2.779" classname="org.run.Article_Hyperlink_Verification"/>
  <testcase name="execute" time="2.216" classname="org.run.Article_Hyperlink_Verification"/>
  <testcase name="execute" time="3.113" classname="org.run.Article_Hyperlink_Verification"/>
  <testcase name="execute" time="3.313" classname="org.run.Article_Hyperlink_Verification"/>
  <testcase name="execute" time="3.183" classname="org.run.Article_Hyperlink_Verification"/>
  <testcase name="execute" time="3.392" classname="org.run.Article_Hyperlink_Verification"/>
  <testcase name="execute" time="3.137" classname="org.run.Article_Hyperlink_Verification"/>
  <testcase name="execute" time="4.188" classname="org.run.Article_Hyperlink_Verification"/>
  <testcase name="execute" time="3.269" classname="org.run.Article_Hyperlink_Verification"/>
  <testcase name="execute" time="3.664" classname="org.run.Article_Hyperlink_Verification"/>
  <testcase name="execute" time="2.230" classname="org.run.Article_Hyperlink_Verification"/>
  <testcase name="execute" time="2.836" classname="org.run.Article_Hyperlink_Verification"/>
  <testcase name="execute" time="2.220" classname="org.run.Article_Hyperlink_Verification"/>
  <testcase name="execute" time="3.258" classname="org.run.Article_Hyperlink_Verification"/>
  <testcase name="execute" time="62.235" classname="org.run.Article_Hyperlink_Verification"/>
  <testcase name="execute" time="2.823" classname="org.run.Article_Hyperlink_Verification"/>
  <testcase name="execute" time="4.080" classname="org.run.Article_Hyperlink_Verification"/>
  <testcase name="execute" time="2.748" classname="org.run.Article_Hyperlink_Verification"/>
  <testcase name="execute" time="2.903" classname="org.run.Article_Hyperlink_Verification"/>
  <testcase name="execute" time="2.235" classname="org.run.Article_Hyperlink_Verification"/>
  <testcase name="execute" time="3.008" classname="org.run.Article_Hyperlink_Verification"/>
  <testcase name="execute" time="2.766" classname="org.run.Article_Hyperlink_Verification"/>
  <testcase name="execute" time="2.891" classname="org.run.Article_Hyperlink_Verification"/>
  <testcase name="execute" time="2.265" classname="org.run.Article_Hyperlink_Verification"/>
  <testcase name="execute" time="3.063" classname="org.run.Article_Hyperlink_Verification"/>
  <testcase name="execute" time="3.241" classname="org.run.Article_Hyperlink_Verification"/>
  <testcase name="execute" time="2.229" classname="org.run.Article_Hyperlink_Verification"/>
  <testcase name="execute" time="3.120" classname="org.run.Article_Hyperlink_Verification"/>
  <testcase name="execute" time="2.227" classname="org.run.Article_Hyperlink_Verification"/>
  <testcase name="execute" time="62.298" classname="org.run.Article_Hyperlink_Verification"/>
  <testcase name="execute" time="2.250" classname="org.run.Article_Hyperlink_Verification"/>
  <testcase name="execute" time="3.513" classname="org.run.Article_Hyperlink_Verification"/>
  <testcase name="execute" time="3.991" classname="org.run.Article_Hyperlink_Verification"/>
  <testcase name="execute" time="2.963" classname="org.run.Article_Hyperlink_Verification"/>
  <testcase name="execute" time="2.224" classname="org.run.Article_Hyperlink_Verification"/>
  <testcase name="execute" time="3.656" classname="org.run.Article_Hyperlink_Verification"/>
  <testcase name="execute" time="2.210" classname="org.run.Article_Hyperlink_Verification"/>
  <testcase name="execute" time="62.281" classname="org.run.Article_Hyperlink_Verification"/>
  <testcase name="execute" time="3.844" classname="org.run.Article_Hyperlink_Verification"/>
  <testcase name="execute" time="2.849" classname="org.run.Article_Hyperlink_Verification"/>
  <testcase name="execute" time="4.141" classname="org.run.Article_Hyperlink_Verification"/>
  <testcase name="execute" time="3.694" classname="org.run.Article_Hyperlink_Verification"/>
  <testcase name="execute" time="3.128" classname="org.run.Article_Hyperlink_Verification"/>
  <testcase name="execute" time="3.194" classname="org.run.Article_Hyperlink_Verification"/>
  <testcase name="execute" time="3.656" classname="org.run.Article_Hyperlink_Verification"/>
  <testcase name="execute" time="2.227" classname="org.run.Article_Hyperlink_Verification"/>
  <testcase name="execute" time="3.576" classname="org.run.Article_Hyperlink_Verification"/>
  <testcase name="execute" time="2.235" classname="org.run.Article_Hyperlink_Verification"/>
  <testcase name="execute" time="2.941" classname="org.run.Article_Hyperlink_Verification"/>
  <testcase name="execute" time="62.298" classname="org.run.Article_Hyperlink_Verification"/>
  <testcase name="execute" time="3.326" classname="org.run.Article_Hyperlink_Verification"/>
  <testcase name="execute" time="2.232" classname="org.run.Article_Hyperlink_Verification"/>
  <testcase name="execute" time="3.568" classname="org.run.Article_Hyperlink_Verification"/>
  <testcase name="execute" time="2.204" classname="org.run.Article_Hyperlink_Verification"/>
  <testcase name="execute" time="3.000" classname="org.run.Article_Hyperlink_Verification"/>
  <testcase name="execute" time="3.490" classname="org.run.Article_Hyperlink_Verification"/>
  <testcase name="execute" time="2.250" classname="org.run.Article_Hyperlink_Verification"/>
  <testcase name="execute" time="2.895" classname="org.run.Article_Hyperlink_Verification"/>
  <testcase name="execute" time="2.224" classname="org.run.Article_Hyperlink_Verification"/>
  <testcase name="execute" time="2.827" classname="org.run.Article_Hyperlink_Verification"/>
  <testcase name="execute" time="2.277" classname="org.run.Article_Hyperlink_Verification"/>
  <testcase name="execute" time="2.216" classname="org.run.Article_Hyperlink_Verification"/>
  <testcase name="execute" time="2.882" classname="org.run.Article_Hyperlink_Verification"/>
  <testcase name="execute" time="2.824" classname="org.run.Article_Hyperlink_Verification"/>
  <testcase name="execute" time="2.818" classname="org.run.Article_Hyperlink_Verification"/>
  <testcase name="execute" time="3.044" classname="org.run.Article_Hyperlink_Verification"/>
  <testcase name="execute" time="2.327" classname="org.run.Article_Hyperlink_Verification"/>
  <testcase name="execute" time="3.089" classname="org.run.Article_Hyperlink_Verification"/>
  <testcase name="execute" time="3.554" classname="org.run.Article_Hyperlink_Verification"/>
  <testcase name="execute" time="3.310" classname="org.run.Article_Hyperlink_Verification"/>
  <testcase name="execute" time="3.511" classname="org.run.Article_Hyperlink_Verification"/>
  <testcase name="execute" time="2.219" classname="org.run.Article_Hyperlink_Verification"/>
  <testcase name="execute" time="2.252" classname="org.run.Article_Hyperlink_Verification"/>
  <testcase name="execute" time="2.969" classname="org.run.Article_Hyperlink_Verification"/>
  <testcase name="execute" time="2.779" classname="org.run.Article_Hyperlink_Verification"/>
  <testcase name="execute" time="2.234" classname="org.run.Article_Hyperlink_Verification"/>
  <testcase name="execute" time="3.620" classname="org.run.Article_Hyperlink_Verification"/>
  <testcase name="execute" time="3.370" classname="org.run.Article_Hyperlink_Verification"/>
  <testcase name="execute" time="4.443" classname="org.run.Article_Hyperlink_Verification"/>
  <testcase name="execute" time="2.797" classname="org.run.Article_Hyperlink_Verification"/>
  <testcase name="execute" time="3.141" classname="org.run.Article_Hyperlink_Verification"/>
  <testcase name="execute" time="2.233" classname="org.run.Article_Hyperlink_Verification"/>
  <testcase name="execute" time="2.262" classname="org.run.Article_Hyperlink_Verification"/>
  <testcase name="execute" time="2.260" classname="org.run.Article_Hyperlink_Verification"/>
  <testcase name="execute" time="4.078" classname="org.run.Article_Hyperlink_Verification"/>
  <testcase name="execute" time="2.219" classname="org.run.Article_Hyperlink_Verification"/>
  <testcase name="execute" time="2.297" classname="org.run.Article_Hyperlink_Verification"/>
  <testcase name="execute" time="3.612" classname="org.run.Article_Hyperlink_Verification"/>
  <testcase name="execute" time="3.169" classname="org.run.Article_Hyperlink_Verification"/>
  <testcase name="execute" time="3.661" classname="org.run.Article_Hyperlink_Verification"/>
  <testcase name="execute" time="2.839" classname="org.run.Article_Hyperlink_Verification"/>
  <testcase name="execute" time="3.706" classname="org.run.Article_Hyperlink_Verification"/>
  <testcase name="execute" time="3.731" classname="org.run.Article_Hyperlink_Verification"/>
  <testcase name="execute" time="3.026" classname="org.run.Article_Hyperlink_Verification"/>
  <testcase name="execute" time="3.297" classname="org.run.Article_Hyperlink_Verification"/>
  <testcase name="execute" time="3.067" classname="org.run.Article_Hyperlink_Verification"/>
  <testcase name="execute" time="2.188" classname="org.run.Article_Hyperlink_Verification"/>
  <testcase name="execute" time="4.219" classname="org.run.Article_Hyperlink_Verification"/>
  <testcase name="execute" time="3.335" classname="org.run.Article_Hyperlink_Verification"/>
  <testcase name="execute" time="3.500" classname="org.run.Article_Hyperlink_Verification"/>
  <testcase name="execute" time="2.270" classname="org.run.Article_Hyperlink_Verification"/>
  <testcase name="execute" time="2.203" classname="org.run.Article_Hyperlink_Verification"/>
  <testcase name="execute" time="3.652" classname="org.run.Article_Hyperlink_Verification"/>
  <testcase name="execute" time="2.969" classname="org.run.Article_Hyperlink_Verification"/>
  <testcase name="execute" time="2.907" classname="org.run.Article_Hyperlink_Verification"/>
  <testcase name="execute" time="2.235" classname="org.run.Article_Hyperlink_Verification"/>
  <testcase name="execute" time="3.551" classname="org.run.Article_Hyperlink_Verification"/>
  <testcase name="execute" time="2.270" classname="org.run.Article_Hyperlink_Verification"/>
  <testcase name="execute" time="3.107" classname="org.run.Article_Hyperlink_Verification"/>
  <testcase name="execute" time="2.874" classname="org.run.Article_Hyperlink_Verification"/>
  <testcase name="execute" time="2.234" classname="org.run.Article_Hyperlink_Verification"/>
  <testcase name="execute" time="2.234" classname="org.run.Article_Hyperlink_Verification"/>
  <testcase name="execute" time="2.917" classname="org.run.Article_Hyperlink_Verification"/>
  <testcase name="execute" time="2.999" classname="org.run.Article_Hyperlink_Verification"/>
  <testcase name="execute" time="3.578" classname="org.run.Article_Hyperlink_Verification"/>
  <testcase name="execute" time="4.212" classname="org.run.Article_Hyperlink_Verification"/>
  <testcase name="execute" time="3.397" classname="org.run.Article_Hyperlink_Verification"/>
  <testcase name="execute" time="3.291" classname="org.run.Article_Hyperlink_Verification"/>
  <testcase name="execute" time="3.163" classname="org.run.Article_Hyperlink_Verification"/>
  <testcase name="execute" time="3.110" classname="org.run.Article_Hyperlink_Verification"/>
  <testcase name="execute" time="2.219" classname="org.run.Article_Hyperlink_Verification"/>
  <testcase name="execute" time="3.454" classname="org.run.Article_Hyperlink_Verification"/>
  <testcase name="execute" time="2.927" classname="org.run.Article_Hyperlink_Verification"/>
  <testcase name="execute" time="2.219" classname="org.run.Article_Hyperlink_Verification"/>
  <testcase name="execute" time="3.156" classname="org.run.Article_Hyperlink_Verification"/>
  <testcase name="execute" time="3.772" classname="org.run.Article_Hyperlink_Verification"/>
  <testcase name="execute" time="3.329" classname="org.run.Article_Hyperlink_Verification"/>
  <testcase name="execute" time="62.261" classname="org.run.Article_Hyperlink_Verification"/>
  <testcase name="execute" time="2.236" classname="org.run.Article_Hyperlink_Verification"/>
  <testcase name="execute" time="4.225" classname="org.run.Article_Hyperlink_Verification"/>
  <testcase name="execute" time="62.249" classname="org.run.Article_Hyperlink_Verification"/>
  <testcase name="execute" time="2.266" classname="org.run.Article_Hyperlink_Verification"/>
  <testcase name="execute" time="2.243" classname="org.run.Article_Hyperlink_Verification"/>
  <testcase name="execute" time="4.255" classname="org.run.Article_Hyperlink_Verification"/>
  <testcase name="execute" time="2.209" classname="org.run.Article_Hyperlink_Verification"/>
  <testcase name="execute" time="4.281" classname="org.run.Article_Hyperlink_Verification"/>
  <testcase name="execute" time="3.017" classname="org.run.Article_Hyperlink_Verification"/>
  <testcase name="execute" time="3.503" classname="org.run.Article_Hyperlink_Verification"/>
  <testcase name="execute" time="3.532" classname="org.run.Article_Hyperlink_Verification"/>
  <testcase name="execute" time="3.423" classname="org.run.Article_Hyperlink_Verification"/>
  <testcase name="execute" time="3.149" classname="org.run.Article_Hyperlink_Verification"/>
  <testcase name="execute" time="4.659" classname="org.run.Article_Hyperlink_Verification"/>
  <testcase name="execute" time="62.408" classname="org.run.Article_Hyperlink_Verification"/>
  <testcase name="execute" time="2.869" classname="org.run.Article_Hyperlink_Verification"/>
  <testcase name="execute" time="62.320" classname="org.run.Article_Hyperlink_Verification"/>
  <testcase name="execute" time="62.251" classname="org.run.Article_Hyperlink_Verification"/>
  <testcase name="execute" time="4.405" classname="org.run.Article_Hyperlink_Verification"/>
  <testcase name="execute" time="2.813" classname="org.run.Article_Hyperlink_Verification"/>
  <testcase name="execute" time="4.296" classname="org.run.Article_Hyperlink_Verification"/>
  <testcase name="execute" time="2.222" classname="org.run.Article_Hyperlink_Verification"/>
  <testcase name="execute" time="2.240" classname="org.run.Article_Hyperlink_Verification"/>
  <testcase name="execute" time="2.239" classname="org.run.Article_Hyperlink_Verification"/>
  <testcase name="execute" time="2.250" classname="org.run.Article_Hyperlink_Verification"/>
  <testcase name="execute" time="2.219" classname="org.run.Article_Hyperlink_Verification"/>
  <testcase name="execute" time="2.948" classname="org.run.Article_Hyperlink_Verification"/>
  <testcase name="execute" time="3.563" classname="org.run.Article_Hyperlink_Verification"/>
  <testcase name="execute" time="2.219" classname="org.run.Article_Hyperlink_Verification"/>
[...]
  <testcase name="execute" time="2.835" classname="org.run.Article_Hyperlink_Verification"/>
  <testcase name="execute" time="4.422" classname="org.run.Article_Hyperlink_Verification"/>
  <testcase name="execute" time="2.752" classname="org.run.Article_Hyperlink_Verification"/>
  <testcase name="execute" time="3.880" classname="org.run.Article_Hyperlink_Verification"/>
  <testcase name="execute" time="62.268" classname="org.run.Article_Hyperlink_Verification"/>
  <testcase name="execute" time="2.188" classname="org.run.Article_Hyperlink_Verification"/>
  <testcase name="execute" time="2.985" classname="org.run.Article_Hyperlink_Verification"/>
  <testcase name="execute" time="2.245" classname="org.run.Article_Hyperlink_Verification"/>
  <testcase name="execute" time="4.500" classname="org.run.Article_Hyperlink_Verification"/>
  <testcase name="execute" time="2.218" classname="org.run.Article_Hyperlink_Verification"/>
  <testcase name="execute" time="3.150" classname="org.run.Article_Hyperlink_Verification"/>
  <testcase name="execute" time="2.261" classname="org.run.Article_Hyperlink_Verification"/>
  <testcase name="execute" time="4.252" classname="org.run.Article_Hyperlink_Verification"/>
  <testcase name="execute" time="2.251" classname="org.run.Article_Hyperlink_Verification"/>
  <testcase name="execute" time="2.212" classname="org.run.Article_Hyperlink_Verification"/>
  <testcase name="execute" time="2.281" classname="org.run.Article_Hyperlink_Verification"/>
  <testcase name="execute" time="3.507" classname="org.run.Article_Hyperlink_Verification"/>
  <testcase name="execute" time="2.251" classname="org.run.Article_Hyperlink_Verification"/>
  <testcase name="execute" time="2.224" classname="org.run.Article_Hyperlink_Verification"/>
  <testcase name="execute" time="2.760" classname="org.run.Article_Hyperlink_Verification"/>
  <testcase name="execute" time="2.218" classname="org.run.Article_Hyperlink_Verification"/>
  <testcase name="execute" time="2.234" classname="org.run.Article_Hyperlink_Verification"/>
  <testcase name="execute" time="3.592" classname="org.run.Article_Hyperlink_Verification"/>
  <testcase name="execute" time="3.266" classname="org.run.Article_Hyperlink_Verification"/>
  <testcase name="execute" time="2.219" classname="org.run.Article_Hyperlink_Verification"/>
  <testcase name="execute" time="3.703" classname="org.run.Article_Hyperlink_Verification"/>
  <testcase name="execute" time="2.226" classname="org.run.Article_Hyperlink_Verification"/>
  <testcase name="execute" time="2.274" classname="org.run.Article_Hyperlink_Verification"/>
  <testcase name="execute" time="2.275" classname="org.run.Article_Hyperlink_Verification"/>
  <testcase name="execute" time="3.484" classname="org.run.Article_Hyperlink_Verification"/>
  <testcase name="execute" time="2.219" classname="org.run.Article_Hyperlink_Verification"/>
  <testcase name="execute" time="2.798" classname="org.run.Article_Hyperlink_Verification"/>
  <testcase name="execute" time="3.559" classname="org.run.Article_Hyperlink_Verification"/>
  <testcase name="execute" time="3.165" classname="org.run.Article_Hyperlink_Verification"/>
  <testcase name="execute" time="2.284" classname="org.run.Article_Hyperlink_Verification"/>
  <testcase name="execute" time="2.234" classname="org.run.Article_Hyperlink_Verification"/>
  <testcase name="execute" time="3.350" classname="org.run.Article_Hyperlink_Verification"/>
  <testcase name="execute" time="2.216" classname="org.run.Article_Hyperlink_Verification"/>
  <testcase name="execute" time="2.249" classname="org.run.Article_Hyperlink_Verification"/>
  <testcase name="execute" time="2.224" classname="org.run.Article_Hyperlink_Verification"/>
  <testcase name="execute" time="2.221" classname="org.run.Article_Hyperlink_Verification"/>
  <testcase name="execute" time="2.219" classname="org.run.Article_Hyperlink_Verification"/>
  <testcase name="execute" time="3.777" classname="org.run.Article_Hyperlink_Verification"/>
  <testcase name="execute" time="3.258" classname="org.run.Article_Hyperlink_Verification"/>
  <testcase name="execute" time="2.227" classname="org.run.Article_Hyperlink_Verification"/>
  <testcase name="execute" time="3.242" classname="org.run.Article_Hyperlink_Verification"/>
  <testcase name="execute" time="3.944" classname="org.run.Article_Hyperlink_Verification"/>
  <testcase name="execute" time="2.805" classname="org.run.Article_Hyperlink_Verification"/>
  <testcase name="execute" time="3.524" classname="org.run.Article_Hyperlink_Verification"/>
  <testcase name="execute" time="2.234" classname="org.run.Article_Hyperlink_Verification"/>
  <testcase name="execute" time="3.583" classname="org.run.Article_Hyperlink_Verification"/>
  <testcase name="execute" time="3.167" classname="org.run.Article_Hyperlink_Verification"/>
  <testcase name="execute" time="3.292" classname="org.run.Article_Hyperlink_Verification"/>
  <testcase name="execute" time="4.875" classname="org.run.Article_Hyperlink_Verification"/>
  <testcase name="execute" time="2.219" classname="org.run.Article_Hyperlink_Verification"/>
  <testcase name="execute" time="2.858" classname="org.run.Article_Hyperlink_Verification"/>
  <testcase name="execute" time="3.097" classname="org.run.Article_Hyperlink_Verification"/>
  <testcase name="execute" time="2.886" classname="org.run.Article_Hyperlink_Verification"/>
  <testcase name="execute" time="3.785" classname="org.run.Article_Hyperlink_Verification"/>
  <testcase name="execute" time="3.964" classname="org.run.Article_Hyperlink_Verification"/>
  <testcase name="execute" time="3.251" classname="org.run.Article_Hyperlink_Verification"/>
  <testcase name="execute" time="2.298" classname="org.run.Article_Hyperlink_Verification"/>
  <testcase name="execute" time="2.250" classname="org.run.Article_Hyperlink_Verification"/>
  <testcase name="execute" time="3.051" classname="org.run.Article_Hyperlink_Verification"/>
  <testcase name="execute" time="62.265" classname="org.run.Article_Hyperlink_Verification"/>
  <testcase name="execute" time="3.070" classname="org.run.Article_Hyperlink_Verification"/>
  <testcase name="execute" time="2.255" classname="org.run.Article_Hyperlink_Verification"/>
  <testcase name="execute" time="2.224" classname="org.run.Article_Hyperlink_Verification"/>
  <testcase name="execute" time="3.684" classname="org.run.Article_Hyperlink_Verification"/>
  <testcase name="execute" time="62.246" classname="org.run.Article_Hyperlink_Verification"/>
  <testcase name="execute" time="3.500" classname="org.run.Article_Hyperlink_Verification"/>
  <testcase name="execute" time="2.219" classname="org.run.Article_Hyperlink_Verification"/>
  <testcase name="execute" time="2.281" classname="org.run.Article_Hyperlink_Verification"/>
  <testcase name="execute" time="2.234" classname="org.run.Article_Hyperlink_Verification"/>
  <testcase name="execute" time="2.224" classname="org.run.Article_Hyperlink_Verification"/>
  <testcase name="execute" time="2.236" classname="org.run.Article_Hyperlink_Verification"/>
  <testcase name="execute" time="3.794" classname="org.run.Article_Hyperlink_Verification"/>
  <testcase name="execute" time="62.360" classname="org.run.Article_Hyperlink_Verification"/>
  <testcase name="execute" time="3.682" classname="org.run.Article_Hyperlink_Verification"/>
  <testcase name="execute" time="2.209" classname="org.run.Article_Hyperlink_Verification"/>
  <testcase name="execute" time="3.761" classname="org.run.Article_Hyperlink_Verification"/>
  <testcase name="execute" time="3.325" classname="org.run.Article_Hyperlink_Verification"/>
  <testcase name="execute" time="2.250" classname="org.run.Article_Hyperlink_Verification"/>
  <testcase name="execute" time="3.661" classname="org.run.Article_Hyperlink_Verification"/>
  <testcase name="execute" time="2.234" classname="org.run.Article_Hyperlink_Verification"/>
  <testcase name="execute" time="2.266" classname="org.run.Article_Hyperlink_Verification"/>
  <testcase name="execute" time="2.826" classname="org.run.Article_Hyperlink_Verification"/>
  <testcase name="execute" time="2.251" classname="org.run.Article_Hyperlink_Verification"/>
  <testcase name="execute" time="3.553" classname="org.run.Article_Hyperlink_Verification"/>
  <testcase name="execute" time="3.399" classname="org.run.Article_Hyperlink_Verification"/>
  <testcase name="execute" time="3.201" classname="org.run.Article_Hyperlink_Verification"/>
  <testcase name="execute" time="3.916" classname="org.run.Article_Hyperlink_Verification"/>
  <testcase name="execute" time="3.177" classname="org.run.Article_Hyperlink_Verification"/>
  <testcase name="execute" time="2.266" classname="org.run.Article_Hyperlink_Verification"/>
  <testcase name="execute" time="2.219" classname="org.run.Article_Hyperlink_Verification"/>
  <testcase name="execute" time="3.969" classname="org.run.Article_Hyperlink_Verification"/>
  <testcase name="execute" time="2.771" classname="org.run.Article_Hyperlink_Verification"/>
  <testcase name="execute" time="3.715" classname="org.run.Article_Hyperlink_Verification"/>
  <testcase name="execute" time="3.212" classname="org.run.Article_Hyperlink_Verification"/>
  <testcase name="execute" time="2.838" classname="org.run.Article_Hyperlink_Verification"/>
  <testcase name="execute" time="2.220" classname="org.run.Article_Hyperlink_Verification"/>
  <testcase name="execute" time="2.235" classname="org.run.Article_Hyperlink_Verification"/>
  <testcase name="execute" time="4.313" classname="org.run.Article_Hyperlink_Verification"/>
  <testcase name="execute" time="3.617" classname="org.run.Article_Hyperlink_Verification"/>
  <testcase name="execute" time="2.251" classname="org.run.Article_Hyperlink_Verification"/>
  <testcase name="execute" time="2.250" classname="org.run.Article_Hyperlink_Verification"/>
  <testcase name="execute" time="3.317" classname="org.run.Article_Hyperlink_Verification"/>
  <testcase name="execute" time="3.465" classname="org.run.Article_Hyperlink_Verification"/>
  <testcase name="execute" time="2.250" classname="org.run.Article_Hyperlink_Verification"/>
  <testcase name="execute" time="2.244" classname="org.run.Article_Hyperlink_Verification"/>
  <testcase name="execute" time="3.583" classname="org.run.Article_Hyperlink_Verification"/>
  <testcase name="execute" time="2.256" classname="org.run.Article_Hyperlink_Verification"/>
  <testcase name="execute" time="2.266" classname="org.run.Article_Hyperlink_Verification"/>
  <testcase name="execute" time="3.437" classname="org.run.Article_Hyperlink_Verification"/>
  <testcase name="execute" time="2.235" classname="org.run.Article_Hyperlink_Verification"/>
  <testcase name="execute" time="2.269" classname="org.run.Article_Hyperlink_Verification"/>
  <testcase name="execute" time="2.219" classname="org.run.Article_Hyperlink_Verification"/>
  <testcase name="execute" time="3.636" classname="org.run.Article_Hyperlink_Verification"/>
  <testcase name="execute" time="2.780" classname="org.run.Article_Hyperlink_Verification"/>
  <testcase name="execute" time="2.216" classname="org.run.Article_Hyperlink_Verification"/>
  <testcase name="execute" time="2.248" classname="org.run.Article_Hyperlink_Verification"/>
  <testcase name="execute" time="2.234" classname="org.run.Article_Hyperlink_Verification"/>
  <testcase name="execute" time="2.329" classname="org.run.Article_Hyperlink_Verification"/>
  <testcase name="execute" time="2.250" classname="org.run.Article_Hyperlink_Verification"/>
  <testcase name="execute" time="3.805" classname="org.run.Article_Hyperlink_Verification"/>
  <testcase name="execute" time="2.235" classname="org.run.Article_Hyperlink_Verification"/>
  <testcase name="execute" time="3.137" classname="org.run.Article_Hyperlink_Verification"/>
  <testcase name="execute" time="2.283" classname="org.run.Article_Hyperlink_Verification"/>
  <testcase name="execute" time="62.260" classname="org.run.Article_Hyperlink_Verification"/>
  <testcase name="execute" time="3.008" classname="org.run.Article_Hyperlink_Verification"/>
  <testcase name="execute" time="3.315" classname="org.run.Article_Hyperlink_Verification"/>
  <testcase name="execute" time="2.238" classname="org.run.Article_Hyperlink_Verification"/>
  <testcase name="execute" time="3.563" classname="org.run.Article_Hyperlink_Verification"/>
  <testcase name="execute" time="2.256" classname="org.run.Article_Hyperlink_Verification"/>
  <testcase name="execute" time="2.240" classname="org.run.Article_Hyperlink_Verification"/>
  <testcase name="execute" time="3.705" classname="org.run.Article_Hyperlink_Verification"/>
  <testcase name="execute" time="2.222" classname="org.run.Article_Hyperlink_Verification"/>
  <testcase name="execute" time="2.935" classname="org.run.Article_Hyperlink_Verification"/>
  <testcase name="execute" time="3.173" classname="org.run.Article_Hyperlink_Verification"/>
  <testcase name="execute" time="2.224" classname="org.run.Article_Hyperlink_Verification"/>
  <testcase name="execute" time="2.251" classname="org.run.Article_Hyperlink_Verification"/>
  <testcase name="execute" time="62.340" classname="org.run.Article_Hyperlink_Verification"/>
  <testcase name="execute" time="3.172" classname="org.run.Article_Hyperlink_Verification"/>
  <testcase name="execute" time="3.111" classname="org.run.Article_Hyperlink_Verification"/>
  <testcase name="execute" time="2.235" classname="org.run.Article_Hyperlink_Verification"/>
  <testcase name="execute" time="3.301" classname="org.run.Article_Hyperlink_Verification"/>
  <testcase name="execute" time="3.268" classname="org.run.Article_Hyperlink_Verification"/>
  <testcase name="execute" time="3.272" classname="org.run.Article_Hyperlink_Verification"/>
  <testcase name="execute" time="62.236" classname="org.run.Article_Hyperlink_Verification"/>
  <testcase name="execute" time="2.227" classname="org.run.Article_Hyperlink_Verification"/>
  <testcase name="execute" time="3.202" classname="org.run.Article_Hyperlink_Verification"/>
  <testcase name="execute" time="2.235" classname="org.run.Article_Hyperlink_Verification"/>
  <testcase name="execute" time="3.007" classname="org.run.Article_Hyperlink_Verification"/>
  <testcase name="execute" time="2.954" classname="org.run.Article_Hyperlink_Verification"/>
  <testcase name="execute" time="2.234" classname="org.run.Article_Hyperlink_Verification"/>
  <testcase name="execute" time="2.205" classname="org.run.Article_Hyperlink_Verification"/>
  <testcase name="execute" time="3.716" classname="org.run.Article_Hyperlink_Verification"/>
  <testcase name="execute" time="3.510" classname="org.run.Article_Hyperlink_Verification"/>
  <testcase name="execute" time="2.829" classname="org.run.Article_Hyperlink_Verification"/>
  <testcase name="execute" time="3.029" classname="org.run.Article_Hyperlink_Verification"/>
  <testcase name="execute" time="3.634" classname="org.run.Article_Hyperlink_Verification"/>
  <testcase name="execute" time="3.238" classname="org.run.Article_Hyperlink_Verification"/>
  <testcase name="execute" time="62.259" classname="org.run.Article_Hyperlink_Verification"/>
  <testcase name="execute" time="4.027" classname="org.run.Article_Hyperlink_Verification"/>
  <testcase name="execute" time="3.303" classname="org.run.Article_Hyperlink_Verification"/>
  <testcase name="execute" time="2.250" classname="org.run.Article_Hyperlink_Verification"/>
  <testcase name="execute" time="2.852" classname="org.run.Article_Hyperlink_Verification"/>
  <testcase name="execute" time="2.983" classname="org.run.Article_Hyperlink_Verification"/>
  <testcase name="execute" time="3.729" classname="org.run.Article_Hyperlink_Verification"/>
  <testcase name="execute" time="3.779" classname="org.run.Article_Hyperlink_Verification"/>
  <testcase name="execute" time="2.781" classname="org.run.Article_Hyperlink_Verification"/>
  <testcase name="execute" time="3.109" classname="org.run.Article_Hyperlink_Verification"/>
  <testcase name="execute" time="2.765" classname="org.run.Article_Hyperlink_Verification"/>
  <testcase name="execute" time="4.199" classname="org.run.Article_Hyperlink_Verification"/>
  <testcase name="execute" time="3.517" classname="org.run.Article_Hyperlink_Verification"/>
  <testcase name="execute" time="2.950" classname="org.run.Article_Hyperlink_Verification"/>
  <testcase name="execute" time="3.558" classname="org.run.Article_Hyperlink_Verification"/>
  <testcase name="execute" time="3.719" classname="org.run.Article_Hyperlink_Verification"/>
  <testcase name="execute" time="2.293" classname="org.run.Article_Hyperlink_Verification"/>
  <testcase name="execute" time="3.688" classname="org.run.Article_Hyperlink_Verification"/>
  <testcase name="execute" time="3.053" classname="org.run.Article_Hyperlink_Verification"/>
  <testcase name="execute" time="2.221" classname="org.run.Article_Hyperlink_Verification"/>
  <testcase name="execute" time="2.219" classname="org.run.Article_Hyperlink_Verification"/>
  <testcase name="execute" time="3.234" classname="org.run.Article_Hyperlink_Verification"/>
  <testcase name="execute" time="62.314" classname="org.run.Article_Hyperlink_Verification"/>
  <testcase name="execute" time="2.886" classname="org.run.Article_Hyperlink_Verification"/>
  <testcase name="execute" time="2.293" classname="org.run.Article_Hyperlink_Verification"/>
  <testcase name="execute" time="2.421" classname="org.run.Article_Hyperlink_Verification"/>
  <testcase name="execute" time="2.310" classname="org.run.Article_Hyperlink_Verification"/>
  <testcase name="execute" time="3.137" classname="org.run.Article_Hyperlink_Verification"/>
  <testcase name="execute" time="3.339" classname="org.run.Article_Hyperlink_Verification"/>
  <testcase name="execute" time="2.237" classname="org.run.Article_Hyperlink_Verification"/>
  <testcase name="execute" time="2.861" classname="org.run.Article_Hyperlink_Verification"/>
  <testcase name="execute" time="2.281" classname="org.run.Article_Hyperlink_Verification"/>
  <testcase name="execute" time="2.966" classname="org.run.Article_Hyperlink_Verification"/>
  <testcase name="execute" time="2.834" classname="org.run.Article_Hyperlink_Verification"/>
  <testcase name="execute" time="3.053" classname="org.run.Article_Hyperlink_Verification"/>
  <testcase name="execute" time="4.068" classname="org.run.Article_Hyperlink_Verification"/>
  <testcase name="execute" time="3.987" classname="org.run.Article_Hyperlink_Verification"/>
  <testcase name="execute" time="3.376" classname="org.run.Article_Hyperlink_Verification"/>
  <testcase name="execute" time="2.759" classname="org.run.Article_Hyperlink_Verification"/>
  <testcase name="execute" time="3.844" classname="org.run.Article_Hyperlink_Verification"/>
  <testcase name="execute" time="2.216" classname="org.run.Article_Hyperlink_Verification"/>
  <testcase name="execute" time="2.203" classname="org.run.Article_Hyperlink_Verification"/>
  <testcase name="execute" time="2.267" classname="org.run.Article_Hyperlink_Verification"/>
  <testcase name="execute" time="2.198" classname="org.run.Article_Hyperlink_Verification"/>
  <testcase name="execute" time="2.981" classname="org.run.Article_Hyperlink_Verification"/>
  <testcase name="execute" time="62.422" classname="org.run.Article_Hyperlink_Verification"/>
  <testcase name="execute" time="2.219" classname="org.run.Article_Hyperlink_Verification"/>
  <testcase name="execute" time="3.891" classname="org.run.Article_Hyperlink_Verification"/>
  <testcase name="execute" time="4.415" classname="org.run.Article_Hyperlink_Verification"/>
  <testcase name="execute" time="2.281" classname="org.run.Article_Hyperlink_Verification"/>
  <testcase name="execute" time="2.329" classname="org.run.Article_Hyperlink_Verification"/>
  <testcase name="execute" time="2.223" classname="org.run.Article_Hyperlink_Verification"/>
</testsuite> <!-- org.run.Article_Hyperlink_Verification -->
