<?xml version="1.0" encoding="UTF-8"?>
<testng-results skipped="0" failed="0" ignored="0" total="2" passed="2">
  <reporter-output>
  </reporter-output>
  <suite name="Default suite" duration-ms="12219" started-at="2022-07-21T10:00:59Z" finished-at="2022-07-21T10:01:11Z">
    <groups>
      <group name="cucumber">
        <method signature="AbstractTestNGCucumberTests.runScenario(io.cucumber.testng.PickleWrapper, io.cucumber.testng.FeatureWrapper)[pri:0, instance:P_Run.Simultaneous@6536e911]" name="runScenario" class="io.cucumber.testng.AbstractTestNGCucumberTests"/>
      </group> <!-- cucumber -->
    </groups>
    <test name="Default test" duration-ms="12219" started-at="2022-07-21T10:00:59Z" finished-at="2022-07-21T10:01:11Z">
      <class name="P_Run.Simultaneous">
        <test-method status="PASS" signature="setUpClass()[pri:0, instance:P_Run.Simultaneous@6536e911]" name="setUpClass" is-config="true" duration-ms="610" started-at="2022-07-21T10:00:59Z" finished-at="2022-07-21T10:00:59Z">
          <reporter-output>
          </reporter-output>
        </test-method> <!-- setUpClass -->
        <test-method status="PASS" signature="runScenario(io.cucumber.testng.PickleWrapper, io.cucumber.testng.FeatureWrapper)[pri:0, instance:P_Run.Simultaneous@6536e911]" name="runScenario" duration-ms="11282" started-at="2022-07-21T10:00:59Z" description="Runs Cucumber Scenarios" data-provider="scenarios" finished-at="2022-07-21T10:01:10Z">
          <params>
            <param index="0">
              <value>
                <![CDATA["Visit uat.shriramcity.in"]]>
              </value>
            </param>
            <param index="1">
              <value>
                <![CDATA["Optional[Visit career guide page in uat.shriramcity.in]"]]>
              </value>
            </param>
          </params>
          <reporter-output>
          </reporter-output>
        </test-method> <!-- runScenario -->
        <test-method status="PASS" signature="runScenario(io.cucumber.testng.PickleWrapper, io.cucumber.testng.FeatureWrapper)[pri:0, instance:P_Run.Simultaneous@6536e911]" name="runScenario" duration-ms="11282" started-at="2022-07-21T10:00:59Z" description="Runs Cucumber Scenarios" data-provider="scenarios" finished-at="2022-07-21T10:01:10Z">
          <params>
            <param index="0">
              <value>
                <![CDATA["Visit uat.shriramcity.in"]]>
              </value>
            </param>
            <param index="1">
              <value>
                <![CDATA["Optional[Visit career guide page in uat.shriramcity.in]"]]>
              </value>
            </param>
          </params>
          <reporter-output>
          </reporter-output>
        </test-method> <!-- runScenario -->
        <test-method status="PASS" signature="tearDownClass()[pri:0, instance:P_Run.Simultaneous@6536e911]" name="tearDownClass" is-config="true" duration-ms="296" started-at="2022-07-21T10:01:10Z" finished-at="2022-07-21T10:01:11Z">
          <reporter-output>
          </reporter-output>
        </test-method> <!-- tearDownClass -->
      </class> <!-- P_Run.Simultaneous -->
    </test> <!-- Default test -->
  </suite> <!-- Default suite -->
</testng-results>
