<?xml version="1.0" encoding="UTF-8"?>
<testng-results skipped="0" failed="0" ignored="0" total="1" passed="1">
  <reporter-output>
  </reporter-output>
  <suite name="Suite" duration-ms="4807" started-at="2023-01-23T11:25:05Z" finished-at="2023-01-23T11:25:10Z">
    <groups>
    </groups>
    <test name="Test" duration-ms="4807" started-at="2023-01-23T11:25:05Z" finished-at="2023-01-23T11:25:10Z">
      <class name="org.run.DemoTestNG">
        <test-method status="PASS" signature="preLaunch()[pri:0, instance:org.run.DemoTestNG@5aa9e4eb]" name="preLaunch" is-config="true" duration-ms="3397" started-at="2023-01-23T11:25:05Z" finished-at="2023-01-23T11:25:08Z">
          <reporter-output>
          </reporter-output>
        </test-method> <!-- preLaunch -->
        <test-method status="PASS" signature="demo()[pri:0, instance:org.run.DemoTestNG@5aa9e4eb]" name="demo" duration-ms="1388" started-at="2023-01-23T11:25:08Z" finished-at="2023-01-23T11:25:10Z">
          <reporter-output>
          </reporter-output>
        </test-method> <!-- demo -->
      </class> <!-- org.run.DemoTestNG -->
    </test> <!-- Test -->
  </suite> <!-- Suite -->
</testng-results>
